<?xml version="1.0" encoding="UTF-8"?>
<coverage generated="1615308391042" clover="3.2.0">
  <project timestamp="1615308391042" name="All files">
    <metrics statements="251" coveredstatements="242" conditionals="62" coveredconditionals="58" methods="87" coveredmethods="86" elements="400" coveredelements="386" complexity="0" loc="251" ncloc="251" packages="10" files="32" classes="32"/>
    <package name="src">
      <metrics statements="4" coveredstatements="4" conditionals="0" coveredconditionals="0" methods="2" coveredmethods="2"/>
      <file name="App.jsx" path="/Users/bobbygagnon/DevProjects/nfl-stat-visualizer/src/App.jsx">
        <metrics statements="3" coveredstatements="3" conditionals="0" coveredconditionals="0" methods="2" coveredmethods="2"/>
        <line num="11" count="23" type="stmt"/>
        <line num="25" count="69" type="stmt"/>
        <line num="26" count="46" type="stmt"/>
      </file>
      <file name="index.jsx" path="/Users/bobbygagnon/DevProjects/nfl-stat-visualizer/src/index.jsx">
        <metrics statements="1" coveredstatements="1" conditionals="0" coveredconditionals="0" methods="0" coveredmethods="0"/>
        <line num="9" count="23" type="stmt"/>
      </file>
    </package>
    <package name="src.apiCalls">
      <metrics statements="12" coveredstatements="10" conditionals="0" coveredconditionals="0" methods="4" coveredmethods="4"/>
      <file name="checkPlayer.js" path="/Users/bobbygagnon/DevProjects/nfl-stat-visualizer/src/apiCalls/checkPlayer.js">
        <metrics statements="6" coveredstatements="5" conditionals="0" coveredconditionals="0" methods="2" coveredmethods="2"/>
        <line num="8" count="5" type="stmt"/>
        <line num="9" count="5" type="stmt"/>
        <line num="10" count="5" type="stmt"/>
        <line num="12" count="5" type="stmt"/>
        <line num="15" count="4" type="stmt"/>
        <line num="18" count="0" type="stmt"/>
      </file>
      <file name="getPlayerSingleSeasonYards.js" path="/Users/bobbygagnon/DevProjects/nfl-stat-visualizer/src/apiCalls/getPlayerSingleSeasonYards.js">
        <metrics statements="6" coveredstatements="5" conditionals="0" coveredconditionals="0" methods="2" coveredmethods="2"/>
        <line num="4" count="23" type="stmt"/>
        <line num="5" count="23" type="stmt"/>
        <line num="13" count="840" type="stmt"/>
        <line num="14" count="840" type="stmt"/>
        <line num="17" count="770" type="stmt"/>
        <line num="20" count="0" type="stmt"/>
      </file>
    </package>
    <package name="src.components.charts">
      <metrics statements="35" coveredstatements="35" conditionals="16" coveredconditionals="16" methods="18" coveredmethods="18"/>
      <file name="CustomizedDot.jsx" path="/Users/bobbygagnon/DevProjects/nfl-stat-visualizer/src/components/charts/CustomizedDot.jsx">
        <metrics statements="6" coveredstatements="6" conditionals="2" coveredconditionals="2" methods="2" coveredmethods="2"/>
        <line num="5" count="23" type="stmt"/>
        <line num="6" count="10368" type="stmt"/>
        <line num="8" count="5712" type="cond" truecount="2" falsecount="0"/>
        <line num="9" count="24" type="stmt"/>
        <line num="18" count="5688" type="stmt"/>
        <line num="31" count="23" type="stmt"/>
      </file>
      <file name="QBSeasonalStats.jsx" path="/Users/bobbygagnon/DevProjects/nfl-stat-visualizer/src/components/charts/QBSeasonalStats.jsx">
        <metrics statements="29" coveredstatements="29" conditionals="14" coveredconditionals="14" methods="16" coveredmethods="16"/>
        <line num="9" count="23" type="stmt"/>
        <line num="10" count="23" type="stmt"/>
        <line num="11" count="23" type="stmt"/>
        <line num="17" count="3469" type="stmt"/>
        <line num="18" count="3469" type="stmt"/>
        <line num="19" count="3469" type="stmt"/>
        <line num="20" count="3469" type="stmt"/>
        <line num="21" count="3469" type="stmt"/>
        <line num="22" count="3469" type="stmt"/>
        <line num="24" count="1730" type="stmt"/>
        <line num="26" count="1730" type="stmt"/>
        <line num="27" count="18" type="cond" truecount="2" falsecount="0"/>
        <line num="28" count="8" type="cond" truecount="2" falsecount="0"/>
        <line num="29" count="4" type="stmt"/>
        <line num="30" count="4" type="stmt"/>
        <line num="32" count="4" type="stmt"/>
        <line num="34" count="4" type="stmt"/>
        <line num="36" count="4" type="stmt"/>
        <line num="40" count="1730" type="stmt"/>
        <line num="41" count="10" type="stmt"/>
        <line num="44" count="1730" type="stmt"/>
        <line num="53" count="10" type="stmt"/>
        <line num="56" count="9552" type="stmt"/>
        <line num="71" count="6" type="stmt"/>
        <line num="86" count="8" type="stmt"/>
        <line num="89" count="864" type="stmt"/>
        <line num="96" count="5184" type="stmt"/>
        <line num="111" count="4" type="stmt"/>
        <line num="123" count="23" type="stmt"/>
      </file>
    </package>
    <package name="src.components.inputs">
      <metrics statements="13" coveredstatements="13" conditionals="8" coveredconditionals="6" methods="7" coveredmethods="7"/>
      <file name="AddPlayerInput.jsx" path="/Users/bobbygagnon/DevProjects/nfl-stat-visualizer/src/components/inputs/AddPlayerInput.jsx">
        <metrics statements="13" coveredstatements="13" conditionals="8" coveredconditionals="6" methods="7" coveredmethods="7"/>
        <line num="6" count="23" type="stmt"/>
        <line num="24" count="1971" type="stmt"/>
        <line num="25" count="1971" type="stmt"/>
        <line num="26" count="238" type="stmt"/>
        <line num="27" count="238" type="stmt"/>
        <line num="29" count="238" type="stmt"/>
        <line num="30" count="75" type="cond" truecount="3" falsecount="1"/>
        <line num="32" count="75" type="stmt"/>
        <line num="35" count="238" type="stmt"/>
        <line num="36" count="7" type="cond" truecount="1" falsecount="1"/>
        <line num="37" count="7" type="stmt"/>
        <line num="41" count="238" type="stmt"/>
        <line num="50" count="75" type="stmt"/>
      </file>
    </package>
    <package name="src.components.layout">
      <metrics statements="31" coveredstatements="30" conditionals="6" coveredconditionals="5" methods="19" coveredmethods="18"/>
      <file name="ErrorDialog.jsx" path="/Users/bobbygagnon/DevProjects/nfl-stat-visualizer/src/components/layout/ErrorDialog.jsx">
        <metrics statements="7" coveredstatements="6" conditionals="0" coveredconditionals="0" methods="4" coveredmethods="3"/>
        <line num="6" count="23" type="stmt"/>
        <line num="11" count="54" type="stmt"/>
        <line num="12" count="1787" type="stmt"/>
        <line num="13" count="54" type="stmt"/>
        <line num="15" count="54" type="stmt"/>
        <line num="16" count="0" type="stmt"/>
        <line num="23" count="54" type="stmt"/>
      </file>
      <file name="Header.jsx" path="/Users/bobbygagnon/DevProjects/nfl-stat-visualizer/src/components/layout/Header.jsx">
        <metrics statements="5" coveredstatements="5" conditionals="0" coveredconditionals="0" methods="3" coveredmethods="3"/>
        <line num="10" count="23" type="stmt"/>
        <line num="20" count="23" type="stmt"/>
        <line num="29" count="46" type="stmt"/>
        <line num="30" count="46" type="stmt"/>
        <line num="32" count="46" type="stmt"/>
      </file>
      <file name="LeftDrawer.jsx" path="/Users/bobbygagnon/DevProjects/nfl-stat-visualizer/src/components/layout/LeftDrawer.jsx">
        <metrics statements="13" coveredstatements="13" conditionals="2" coveredconditionals="1" methods="7" coveredmethods="7"/>
        <line num="12" count="23" type="stmt"/>
        <line num="34" count="23" type="stmt"/>
        <line num="43" count="58" type="stmt"/>
        <line num="44" count="58" type="stmt"/>
        <line num="45" count="1791" type="stmt"/>
        <line num="46" count="58" type="stmt"/>
        <line num="48" count="58" type="stmt"/>
        <line num="65" count="58" type="stmt"/>
        <line num="66" count="6" type="cond" truecount="1" falsecount="1"/>
        <line num="67" count="6" type="stmt"/>
        <line num="71" count="58" type="stmt"/>
        <line num="82" count="116" type="stmt"/>
        <line num="87" count="6" type="stmt"/>
      </file>
      <file name="LoadingBackdrop.jsx" path="/Users/bobbygagnon/DevProjects/nfl-stat-visualizer/src/components/layout/LoadingBackdrop.jsx">
        <metrics statements="4" coveredstatements="4" conditionals="0" coveredconditionals="0" methods="3" coveredmethods="3"/>
        <line num="6" count="23" type="stmt"/>
        <line num="15" count="111" type="stmt"/>
        <line num="16" count="1821" type="stmt"/>
        <line num="17" count="88" type="stmt"/>
      </file>
      <file name="ViewController.jsx" path="/Users/bobbygagnon/DevProjects/nfl-stat-visualizer/src/components/layout/ViewController.jsx">
        <metrics statements="2" coveredstatements="2" conditionals="4" coveredconditionals="4" methods="2" coveredmethods="2"/>
        <line num="6" count="1791" type="stmt"/>
        <line num="8" count="58" type="stmt"/>
      </file>
    </package>
    <package name="src.redux.actions">
      <metrics statements="15" coveredstatements="15" conditionals="0" coveredconditionals="0" methods="12" coveredmethods="12"/>
      <file name="chartDataActions.js" path="/Users/bobbygagnon/DevProjects/nfl-stat-visualizer/src/redux/actions/chartDataActions.js">
        <metrics statements="11" coveredstatements="11" conditionals="0" coveredconditionals="0" methods="8" coveredmethods="8"/>
        <line num="8" count="23" type="stmt"/>
        <line num="10" count="770" type="stmt"/>
        <line num="20" count="23" type="stmt"/>
        <line num="21" count="770" type="stmt"/>
        <line num="22" count="770" type="stmt"/>
        <line num="32" count="23" type="stmt"/>
        <line num="41" count="23" type="stmt"/>
        <line num="50" count="23" type="stmt"/>
        <line num="59" count="23" type="stmt"/>
        <line num="68" count="46" type="stmt"/>
        <line num="77" count="23" type="stmt"/>
      </file>
      <file name="index.js" path="/Users/bobbygagnon/DevProjects/nfl-stat-visualizer/src/redux/actions/index.js">
        <metrics statements="0" coveredstatements="0" conditionals="0" coveredconditionals="0" methods="0" coveredmethods="0"/>
      </file>
      <file name="inputActions.js" path="/Users/bobbygagnon/DevProjects/nfl-stat-visualizer/src/redux/actions/inputActions.js">
        <metrics statements="3" coveredstatements="3" conditionals="0" coveredconditionals="0" methods="3" coveredmethods="3"/>
        <line num="7" count="81" type="stmt"/>
        <line num="16" count="23" type="stmt"/>
        <line num="28" count="23" type="stmt"/>
      </file>
      <file name="viewActions.js" path="/Users/bobbygagnon/DevProjects/nfl-stat-visualizer/src/redux/actions/viewActions.js">
        <metrics statements="1" coveredstatements="1" conditionals="0" coveredconditionals="0" methods="1" coveredmethods="1"/>
        <line num="7" count="23" type="stmt"/>
      </file>
    </package>
    <package name="src.redux.init">
      <metrics statements="7" coveredstatements="7" conditionals="2" coveredconditionals="2" methods="1" coveredmethods="1"/>
      <file name="configureStore.js" path="/Users/bobbygagnon/DevProjects/nfl-stat-visualizer/src/redux/init/configureStore.js">
        <metrics statements="5" coveredstatements="5" conditionals="2" coveredconditionals="2" methods="0" coveredmethods="0"/>
        <line num="8" count="23" type="stmt"/>
        <line num="10" count="23" type="stmt"/>
        <line num="12" count="23" type="cond" truecount="2" falsecount="0"/>
        <line num="14" count="23" type="stmt"/>
        <line num="18" count="23" type="stmt"/>
      </file>
      <file name="initSagas.js" path="/Users/bobbygagnon/DevProjects/nfl-stat-visualizer/src/redux/init/initSagas.js">
        <metrics statements="2" coveredstatements="2" conditionals="0" coveredconditionals="0" methods="1" coveredmethods="1"/>
        <line num="7" count="23" type="stmt"/>
        <line num="8" count="23" type="stmt"/>
      </file>
    </package>
    <package name="src.redux.reducers">
      <metrics statements="22" coveredstatements="22" conditionals="18" coveredconditionals="18" methods="3" coveredmethods="3"/>
      <file name="chartDataReducer.js" path="/Users/bobbygagnon/DevProjects/nfl-stat-visualizer/src/redux/reducers/chartDataReducer.js">
        <metrics statements="11" coveredstatements="11" conditionals="10" coveredconditionals="10" methods="1" coveredmethods="1"/>
        <line num="13" count="23" type="stmt"/>
        <line num="29" count="1802" type="cond" truecount="9" falsecount="0"/>
        <line num="31" count="770" type="stmt"/>
        <line num="33" count="770" type="stmt"/>
        <line num="38" count="21" type="stmt"/>
        <line num="40" count="4" type="stmt"/>
        <line num="42" count="4" type="stmt"/>
        <line num="44" count="12" type="stmt"/>
        <line num="46" count="46" type="stmt"/>
        <line num="48" count="2" type="stmt"/>
        <line num="50" count="173" type="stmt"/>
      </file>
      <file name="index.js" path="/Users/bobbygagnon/DevProjects/nfl-stat-visualizer/src/redux/reducers/index.js">
        <metrics statements="1" coveredstatements="1" conditionals="0" coveredconditionals="0" methods="0" coveredmethods="0"/>
        <line num="6" count="23" type="stmt"/>
      </file>
      <file name="inputReducer.js" path="/Users/bobbygagnon/DevProjects/nfl-stat-visualizer/src/redux/reducers/inputReducer.js">
        <metrics statements="6" coveredstatements="6" conditionals="5" coveredconditionals="5" methods="1" coveredmethods="1"/>
        <line num="3" count="23" type="stmt"/>
        <line num="19" count="1802" type="cond" truecount="4" falsecount="0"/>
        <line num="21" count="81" type="stmt"/>
        <line num="23" count="13" type="stmt"/>
        <line num="25" count="4" type="stmt"/>
        <line num="27" count="1704" type="stmt"/>
      </file>
      <file name="viewReducer.js" path="/Users/bobbygagnon/DevProjects/nfl-stat-visualizer/src/redux/reducers/viewReducer.js">
        <metrics statements="4" coveredstatements="4" conditionals="3" coveredconditionals="3" methods="1" coveredmethods="1"/>
        <line num="3" count="23" type="stmt"/>
        <line num="13" count="1802" type="cond" truecount="2" falsecount="0"/>
        <line num="15" count="6" type="stmt"/>
        <line num="17" count="1796" type="stmt"/>
      </file>
    </package>
    <package name="src.redux.sagas">
      <metrics statements="66" coveredstatements="60" conditionals="12" coveredconditionals="11" methods="14" coveredmethods="14"/>
      <file name="chartDataSaga.js" path="/Users/bobbygagnon/DevProjects/nfl-stat-visualizer/src/redux/sagas/chartDataSaga.js">
        <metrics statements="20" coveredstatements="19" conditionals="2" coveredconditionals="2" methods="4" coveredmethods="4"/>
        <line num="11" count="840" type="stmt"/>
        <line num="12" count="840" type="stmt"/>
        <line num="16" count="770" type="cond" truecount="2" falsecount="0"/>
        <line num="17" count="766" type="stmt"/>
        <line num="19" count="4" type="stmt"/>
        <line num="22" count="770" type="stmt"/>
        <line num="24" count="770" type="stmt"/>
        <line num="25" count="770" type="stmt"/>
        <line num="27" count="770" type="stmt"/>
        <line num="28" count="770" type="stmt"/>
        <line num="30" count="0" type="stmt"/>
        <line num="39" count="23" type="stmt"/>
        <line num="41" count="23" type="stmt"/>
        <line num="43" count="23" type="stmt"/>
        <line num="44" count="23" type="stmt"/>
        <line num="45" count="138" type="stmt"/>
        <line num="46" count="828" type="stmt"/>
        <line num="47" count="828" type="stmt"/>
        <line num="50" count="23" type="stmt"/>
        <line num="52" count="21" type="stmt"/>
      </file>
      <file name="getNewPlayerSaga.js" path="/Users/bobbygagnon/DevProjects/nfl-stat-visualizer/src/redux/sagas/getNewPlayerSaga.js">
        <metrics statements="39" coveredstatements="34" conditionals="10" coveredconditionals="9" methods="8" coveredmethods="8"/>
        <line num="15" count="4" type="cond" truecount="2" falsecount="0"/>
        <line num="16" count="2" type="stmt"/>
        <line num="21" count="2" type="stmt"/>
        <line num="22" count="2" type="stmt"/>
        <line num="23" count="2" type="stmt"/>
        <line num="24" count="2" type="cond" truecount="1" falsecount="1"/>
        <line num="25" count="0" type="stmt"/>
        <line num="30" count="0" type="stmt"/>
        <line num="31" count="0" type="stmt"/>
        <line num="32" count="0" type="stmt"/>
        <line num="34" count="2" type="stmt"/>
        <line num="39" count="13" type="stmt"/>
        <line num="41" count="13" type="stmt"/>
        <line num="42" count="13" type="cond" truecount="2" falsecount="0"/>
        <line num="44" count="7" type="stmt"/>
        <line num="46" count="7" type="stmt"/>
        <line num="48" count="7" type="stmt"/>
        <line num="51" count="42" type="cond" truecount="2" falsecount="0"/>
        <line num="52" count="2" type="stmt"/>
        <line num="57" count="2" type="stmt"/>
        <line num="58" count="2" type="stmt"/>
        <line num="59" count="2" type="stmt"/>
        <line num="62" count="5" type="stmt"/>
        <line num="63" count="4" type="stmt"/>
        <line num="65" count="4" type="cond" truecount="2" falsecount="0"/>
        <line num="66" count="2" type="stmt"/>
        <line num="69" count="2" type="stmt"/>
        <line num="70" count="2" type="stmt"/>
        <line num="71" count="12" type="stmt"/>
        <line num="72" count="12" type="stmt"/>
        <line num="76" count="2" type="stmt"/>
        <line num="77" count="2" type="stmt"/>
        <line num="83" count="2" type="stmt"/>
        <line num="84" count="2" type="stmt"/>
        <line num="85" count="2" type="stmt"/>
        <line num="87" count="2" type="stmt"/>
        <line num="88" count="2" type="stmt"/>
        <line num="91" count="0" type="stmt"/>
        <line num="96" count="23" type="stmt"/>
      </file>
      <file name="index.js" path="/Users/bobbygagnon/DevProjects/nfl-stat-visualizer/src/redux/sagas/index.js">
        <metrics statements="0" coveredstatements="0" conditionals="0" coveredconditionals="0" methods="0" coveredmethods="0"/>
      </file>
      <file name="initDataSaga.js" path="/Users/bobbygagnon/DevProjects/nfl-stat-visualizer/src/redux/sagas/initDataSaga.js">
        <metrics statements="7" coveredstatements="7" conditionals="0" coveredconditionals="0" methods="2" coveredmethods="2"/>
        <line num="10" count="23" type="stmt"/>
        <line num="12" count="23" type="stmt"/>
        <line num="13" count="46" type="stmt"/>
        <line num="14" count="46" type="stmt"/>
        <line num="16" count="46" type="stmt"/>
        <line num="17" count="46" type="stmt"/>
        <line num="18" count="44" type="stmt"/>
      </file>
    </package>
    <package name="src.util">
      <metrics statements="46" coveredstatements="46" conditionals="0" coveredconditionals="0" methods="7" coveredmethods="7"/>
      <file name="actionTypes.js" path="/Users/bobbygagnon/DevProjects/nfl-stat-visualizer/src/util/actionTypes.js">
        <metrics statements="12" coveredstatements="12" conditionals="0" coveredconditionals="0" methods="0" coveredmethods="0"/>
        <line num="5" count="23" type="stmt"/>
        <line num="6" count="23" type="stmt"/>
        <line num="7" count="23" type="stmt"/>
        <line num="8" count="23" type="stmt"/>
        <line num="9" count="23" type="stmt"/>
        <line num="10" count="23" type="stmt"/>
        <line num="11" count="23" type="stmt"/>
        <line num="12" count="23" type="stmt"/>
        <line num="13" count="23" type="stmt"/>
        <line num="14" count="23" type="stmt"/>
        <line num="15" count="23" type="stmt"/>
        <line num="16" count="23" type="stmt"/>
      </file>
      <file name="config.js" path="/Users/bobbygagnon/DevProjects/nfl-stat-visualizer/src/util/config.js">
        <metrics statements="3" coveredstatements="3" conditionals="0" coveredconditionals="0" methods="0" coveredmethods="0"/>
        <line num="5" count="23" type="stmt"/>
        <line num="13" count="23" type="stmt"/>
        <line num="14" count="23" type="stmt"/>
      </file>
      <file name="convertData.js" path="/Users/bobbygagnon/DevProjects/nfl-stat-visualizer/src/util/convertData.js">
        <metrics statements="8" coveredstatements="8" conditionals="0" coveredconditionals="0" methods="2" coveredmethods="2"/>
        <line num="6" count="816" type="stmt"/>
        <line num="8" count="816" type="stmt"/>
        <line num="10" count="816" type="stmt"/>
        <line num="11" count="4896" type="stmt"/>
        <line num="12" count="4896" type="stmt"/>
        <line num="13" count="4896" type="stmt"/>
        <line num="14" count="29418" type="stmt"/>
        <line num="18" count="816" type="stmt"/>
      </file>
      <file name="randomizeData.js" path="/Users/bobbygagnon/DevProjects/nfl-stat-visualizer/src/util/randomizeData.js">
        <metrics statements="6" coveredstatements="6" conditionals="0" coveredconditionals="0" methods="1" coveredmethods="1"/>
        <line num="4" count="46" type="stmt"/>
        <line num="5" count="46" type="stmt"/>
        <line num="6" count="276" type="stmt"/>
        <line num="8" count="276" type="stmt"/>
        <line num="9" count="1656" type="stmt"/>
        <line num="12" count="46" type="stmt"/>
      </file>
      <file name="rgbGenerator.js" path="/Users/bobbygagnon/DevProjects/nfl-stat-visualizer/src/util/rgbGenerator.js">
        <metrics statements="5" coveredstatements="5" conditionals="0" coveredconditionals="0" methods="1" coveredmethods="1"/>
        <line num="1" count="23" type="stmt"/>
        <line num="2" count="2" type="stmt"/>
        <line num="3" count="2" type="stmt"/>
        <line num="4" count="2" type="stmt"/>
        <line num="6" count="2" type="stmt"/>
      </file>
      <file name="setInitialState.js" path="/Users/bobbygagnon/DevProjects/nfl-stat-visualizer/src/util/setInitialState.js">
        <metrics statements="12" coveredstatements="12" conditionals="0" coveredconditionals="0" methods="3" coveredmethods="3"/>
        <line num="7" count="23" type="stmt"/>
        <line num="8" count="23" type="stmt"/>
        <line num="9" count="23" type="stmt"/>
        <line num="10" count="138" type="stmt"/>
        <line num="12" count="138" type="stmt"/>
        <line num="13" count="828" type="stmt"/>
        <line num="16" count="23" type="stmt"/>
        <line num="23" count="23" type="stmt"/>
        <line num="24" count="23" type="stmt"/>
        <line num="25" count="23" type="stmt"/>
        <line num="26" count="138" type="stmt"/>
        <line num="28" count="23" type="stmt"/>
      </file>
    </package>
  </project>
</coverage>
