{"/Users/bobbygagnon/DevProjects/nfl-stat-visualizer/src/App.jsx": {"path":"/Users/bobbygagnon/DevProjects/nfl-stat-visualizer/src/App.jsx","statementMap":{"0":{"start":{"line":11,"column":18},"end":{"line":21,"column":3}},"1":{"start":{"line":11,"column":41},"end":{"line":21,"column":1}},"2":{"start":{"line":25,"column":18},"end":{"line":25,"column":29}},"3":{"start":{"line":26,"column":2},"end":{"line":37,"column":4}}},"fnMap":{"0":{"name":"(anonymous_0)","decl":{"start":{"line":11,"column":29},"end":{"line":11,"column":30}},"loc":{"start":{"line":11,"column":41},"end":{"line":21,"column":1}},"line":11},"1":{"name":"App","decl":{"start":{"line":24,"column":9},"end":{"line":24,"column":12}},"loc":{"start":{"line":24,"column":15},"end":{"line":38,"column":1}},"line":24}},"branchMap":{},"s":{"0":23,"1":23,"2":69,"3":46},"f":{"0":23,"1":69},"b":{},"_coverageSchema":"1a1c01bbd47fc00a2c39e90264f33305004495a9","hash":"477ef62e13cc144d8d419a641b94eea2a2937e2f"}
,"/Users/bobbygagnon/DevProjects/nfl-stat-visualizer/src/index.jsx": {"path":"/Users/bobbygagnon/DevProjects/nfl-stat-visualizer/src/index.jsx","statementMap":{"0":{"start":{"line":9,"column":0},"end":{"line":16,"column":2}}},"fnMap":{},"branchMap":{},"s":{"0":23},"f":{},"b":{},"_coverageSchema":"1a1c01bbd47fc00a2c39e90264f33305004495a9","hash":"d54259aa7bfc052bac71afd9c210198705f69992"}
,"/Users/bobbygagnon/DevProjects/nfl-stat-visualizer/src/apiCalls/checkPlayer.js": {"path":"/Users/bobbygagnon/DevProjects/nfl-stat-visualizer/src/apiCalls/checkPlayer.js","statementMap":{"0":{"start":{"line":8,"column":2},"end":{"line":19,"column":3}},"1":{"start":{"line":9,"column":23},"end":{"line":9,"column":85}},"2":{"start":{"line":10,"column":2},"end":{"line":10,"column":74}},"3":{"start":{"line":12,"column":2},"end":{"line":16,"column":5}},"4":{"start":{"line":15,"column":6},"end":{"line":15,"column":42}},"5":{"start":{"line":18,"column":4},"end":{"line":18,"column":18}}},"fnMap":{"0":{"name":"checkPlayer","decl":{"start":{"line":7,"column":24},"end":{"line":7,"column":35}},"loc":{"start":{"line":7,"column":44},"end":{"line":20,"column":1}},"line":7},"1":{"name":"(anonymous_1)","decl":{"start":{"line":14,"column":11},"end":{"line":14,"column":12}},"loc":{"start":{"line":14,"column":23},"end":{"line":16,"column":3}},"line":14}},"branchMap":{},"s":{"0":5,"1":5,"2":5,"3":5,"4":4,"5":0},"f":{"0":5,"1":4},"b":{},"_coverageSchema":"1a1c01bbd47fc00a2c39e90264f33305004495a9","hash":"7fd5db571145b717d5f46b9efe96b69262ce9a2b"}
,"/Users/bobbygagnon/DevProjects/nfl-stat-visualizer/src/apiCalls/getPlayerSingleSeasonYards.js": {"path":"/Users/bobbygagnon/DevProjects/nfl-stat-visualizer/src/apiCalls/getPlayerSingleSeasonYards.js","statementMap":{"0":{"start":{"line":4,"column":21},"end":{"line":4,"column":83}},"1":{"start":{"line":5,"column":0},"end":{"line":5,"column":72}},"2":{"start":{"line":13,"column":2},"end":{"line":21,"column":3}},"3":{"start":{"line":14,"column":4},"end":{"line":18,"column":7}},"4":{"start":{"line":17,"column":8},"end":{"line":17,"column":24}},"5":{"start":{"line":20,"column":4},"end":{"line":20,"column":18}}},"fnMap":{"0":{"name":"getPlayerSingleSeasonYards","decl":{"start":{"line":12,"column":24},"end":{"line":12,"column":50}},"loc":{"start":{"line":12,"column":67},"end":{"line":22,"column":1}},"line":12},"1":{"name":"(anonymous_1)","decl":{"start":{"line":16,"column":13},"end":{"line":16,"column":14}},"loc":{"start":{"line":16,"column":25},"end":{"line":18,"column":5}},"line":16}},"branchMap":{},"s":{"0":23,"1":23,"2":840,"3":840,"4":770,"5":0},"f":{"0":840,"1":770},"b":{},"_coverageSchema":"1a1c01bbd47fc00a2c39e90264f33305004495a9","hash":"20eb4cafde55111d4912a1350b7496574451514e"}
,"/Users/bobbygagnon/DevProjects/nfl-stat-visualizer/src/components/charts/CustomizedDot.jsx": {"path":"/Users/bobbygagnon/DevProjects/nfl-stat-visualizer/src/components/charts/CustomizedDot.jsx","statementMap":{"0":{"start":{"line":5,"column":22},"end":{"line":27,"column":1}},"1":{"start":{"line":6,"column":18},"end":{"line":6,"column":63}},"2":{"start":{"line":6,"column":39},"end":{"line":6,"column":62}},"3":{"start":{"line":8,"column":2},"end":{"line":26,"column":3}},"4":{"start":{"line":9,"column":4},"end":{"line":16,"column":6}},"5":{"start":{"line":18,"column":4},"end":{"line":25,"column":6}},"6":{"start":{"line":31,"column":0},"end":{"line":36,"column":1}}},"fnMap":{"0":{"name":"(anonymous_0)","decl":{"start":{"line":5,"column":22},"end":{"line":5,"column":23}},"loc":{"start":{"line":5,"column":55},"end":{"line":27,"column":1}},"line":5},"1":{"name":"(anonymous_1)","decl":{"start":{"line":6,"column":30},"end":{"line":6,"column":31}},"loc":{"start":{"line":6,"column":39},"end":{"line":6,"column":62}},"line":6}},"branchMap":{"0":{"loc":{"start":{"line":8,"column":2},"end":{"line":26,"column":3}},"type":"if","locations":[{"start":{"line":8,"column":2},"end":{"line":26,"column":3}},{"start":{"line":8,"column":2},"end":{"line":26,"column":3}}],"line":8}},"s":{"0":23,"1":5712,"2":10368,"3":5712,"4":24,"5":5688,"6":23},"f":{"0":5712,"1":10368},"b":{"0":[24,5688]},"_coverageSchema":"1a1c01bbd47fc00a2c39e90264f33305004495a9","hash":"6beb6806cb9056ba1c9aed98d2f98d2d9dd6af2c"}
,"/Users/bobbygagnon/DevProjects/nfl-stat-visualizer/src/components/charts/QBSeasonalStats.jsx": {"path":"/Users/bobbygagnon/DevProjects/nfl-stat-visualizer/src/components/charts/QBSeasonalStats.jsx","statementMap":{"0":{"start":{"line":9,"column":15},"end":{"line":9,"column":18}},"1":{"start":{"line":10,"column":14},"end":{"line":10,"column":18}},"2":{"start":{"line":11,"column":21},"end":{"line":14,"column":1}},"3":{"start":{"line":17,"column":15},"end":{"line":17,"column":66}},"4":{"start":{"line":17,"column":36},"end":{"line":17,"column":65}},"5":{"start":{"line":18,"column":21},"end":{"line":18,"column":69}},"6":{"start":{"line":18,"column":42},"end":{"line":18,"column":68}},"7":{"start":{"line":19,"column":18},"end":{"line":19,"column":63}},"8":{"start":{"line":19,"column":39},"end":{"line":19,"column":62}},"9":{"start":{"line":20,"column":18},"end":{"line":20,"column":63}},"10":{"start":{"line":20,"column":39},"end":{"line":20,"column":62}},"11":{"start":{"line":21,"column":18},"end":{"line":21,"column":63}},"12":{"start":{"line":21,"column":39},"end":{"line":21,"column":62}},"13":{"start":{"line":22,"column":25},"end":{"line":22,"column":77}},"14":{"start":{"line":22,"column":46},"end":{"line":22,"column":76}},"15":{"start":{"line":24,"column":19},"end":{"line":24,"column":32}},"16":{"start":{"line":26,"column":27},"end":{"line":38,"column":3}},"17":{"start":{"line":27,"column":4},"end":{"line":27,"column":19}},"18":{"start":{"line":27,"column":12},"end":{"line":27,"column":19}},"19":{"start":{"line":28,"column":4},"end":{"line":37,"column":5}},"20":{"start":{"line":29,"column":20},"end":{"line":29,"column":50}},"21":{"start":{"line":30,"column":26},"end":{"line":30,"column":40}},"22":{"start":{"line":32,"column":6},"end":{"line":32,"column":37}},"23":{"start":{"line":34,"column":6},"end":{"line":34,"column":51}},"24":{"start":{"line":36,"column":6},"end":{"line":36,"column":61}},"25":{"start":{"line":40,"column":28},"end":{"line":42,"column":3}},"26":{"start":{"line":41,"column":4},"end":{"line":41,"column":93}},"27":{"start":{"line":44,"column":2},"end":{"line":120,"column":3}},"28":{"start":{"line":53,"column":24},"end":{"line":53,"column":43}},"29":{"start":{"line":56,"column":8},"end":{"line":64,"column":10}},"30":{"start":{"line":71,"column":26},"end":{"line":71,"column":46}},"31":{"start":{"line":86,"column":26},"end":{"line":86,"column":45}},"32":{"start":{"line":89,"column":10},"end":{"line":105,"column":16}},"33":{"start":{"line":96,"column":16},"end":{"line":103,"column":18}},"34":{"start":{"line":111,"column":28},"end":{"line":111,"column":48}},"35":{"start":{"line":123,"column":0},"end":{"line":125,"column":1}}},"fnMap":{"0":{"name":"QBSeasonalStats","decl":{"start":{"line":16,"column":24},"end":{"line":16,"column":39}},"loc":{"start":{"line":16,"column":50},"end":{"line":121,"column":1}},"line":16},"1":{"name":"(anonymous_1)","decl":{"start":{"line":17,"column":27},"end":{"line":17,"column":28}},"loc":{"start":{"line":17,"column":36},"end":{"line":17,"column":65}},"line":17},"2":{"name":"(anonymous_2)","decl":{"start":{"line":18,"column":33},"end":{"line":18,"column":34}},"loc":{"start":{"line":18,"column":42},"end":{"line":18,"column":68}},"line":18},"3":{"name":"(anonymous_3)","decl":{"start":{"line":19,"column":30},"end":{"line":19,"column":31}},"loc":{"start":{"line":19,"column":39},"end":{"line":19,"column":62}},"line":19},"4":{"name":"(anonymous_4)","decl":{"start":{"line":20,"column":30},"end":{"line":20,"column":31}},"loc":{"start":{"line":20,"column":39},"end":{"line":20,"column":62}},"line":20},"5":{"name":"(anonymous_5)","decl":{"start":{"line":21,"column":30},"end":{"line":21,"column":31}},"loc":{"start":{"line":21,"column":39},"end":{"line":21,"column":62}},"line":21},"6":{"name":"(anonymous_6)","decl":{"start":{"line":22,"column":37},"end":{"line":22,"column":38}},"loc":{"start":{"line":22,"column":46},"end":{"line":22,"column":76}},"line":22},"7":{"name":"(anonymous_7)","decl":{"start":{"line":26,"column":27},"end":{"line":26,"column":28}},"loc":{"start":{"line":26,"column":34},"end":{"line":38,"column":3}},"line":26},"8":{"name":"(anonymous_8)","decl":{"start":{"line":40,"column":28},"end":{"line":40,"column":29}},"loc":{"start":{"line":40,"column":35},"end":{"line":42,"column":3}},"line":40},"9":{"name":"(anonymous_9)","decl":{"start":{"line":53,"column":17},"end":{"line":53,"column":18}},"loc":{"start":{"line":53,"column":24},"end":{"line":53,"column":43}},"line":53},"10":{"name":"(anonymous_10)","decl":{"start":{"line":55,"column":19},"end":{"line":55,"column":20}},"loc":{"start":{"line":56,"column":8},"end":{"line":64,"column":10}},"line":56},"11":{"name":"(anonymous_11)","decl":{"start":{"line":71,"column":19},"end":{"line":71,"column":20}},"loc":{"start":{"line":71,"column":26},"end":{"line":71,"column":46}},"line":71},"12":{"name":"(anonymous_12)","decl":{"start":{"line":86,"column":19},"end":{"line":86,"column":20}},"loc":{"start":{"line":86,"column":26},"end":{"line":86,"column":45}},"line":86},"13":{"name":"(anonymous_13)","decl":{"start":{"line":88,"column":23},"end":{"line":88,"column":24}},"loc":{"start":{"line":89,"column":10},"end":{"line":105,"column":16}},"line":89},"14":{"name":"(anonymous_14)","decl":{"start":{"line":95,"column":20},"end":{"line":95,"column":21}},"loc":{"start":{"line":96,"column":16},"end":{"line":103,"column":18}},"line":96},"15":{"name":"(anonymous_15)","decl":{"start":{"line":111,"column":21},"end":{"line":111,"column":22}},"loc":{"start":{"line":111,"column":28},"end":{"line":111,"column":48}},"line":111}},"branchMap":{"0":{"loc":{"start":{"line":27,"column":4},"end":{"line":27,"column":19}},"type":"if","locations":[{"start":{"line":27,"column":4},"end":{"line":27,"column":19}},{"start":{"line":27,"column":4},"end":{"line":27,"column":19}}],"line":27},"1":{"loc":{"start":{"line":28,"column":4},"end":{"line":37,"column":5}},"type":"if","locations":[{"start":{"line":28,"column":4},"end":{"line":37,"column":5}},{"start":{"line":28,"column":4},"end":{"line":37,"column":5}}],"line":28},"2":{"loc":{"start":{"line":46,"column":5},"end":{"line":78,"column":14}},"type":"cond-expr","locations":[{"start":{"line":47,"column":6},"end":{"line":77,"column":18}},{"start":{"line":78,"column":10},"end":{"line":78,"column":14}}],"line":46},"3":{"loc":{"start":{"line":51,"column":14},"end":{"line":51,"column":41}},"type":"cond-expr","locations":[{"start":{"line":51,"column":24},"end":{"line":51,"column":34}},{"start":{"line":51,"column":37},"end":{"line":51,"column":41}}],"line":51},"4":{"loc":{"start":{"line":79,"column":7},"end":{"line":118,"column":14}},"type":"cond-expr","locations":[{"start":{"line":80,"column":8},"end":{"line":117,"column":19}},{"start":{"line":118,"column":10},"end":{"line":118,"column":14}}],"line":79},"5":{"loc":{"start":{"line":84,"column":16},"end":{"line":84,"column":43}},"type":"cond-expr","locations":[{"start":{"line":84,"column":26},"end":{"line":84,"column":36}},{"start":{"line":84,"column":39},"end":{"line":84,"column":43}}],"line":84},"6":{"loc":{"start":{"line":98,"column":24},"end":{"line":100,"column":51}},"type":"cond-expr","locations":[{"start":{"line":99,"column":20},"end":{"line":99,"column":50}},{"start":{"line":100,"column":20},"end":{"line":100,"column":51}}],"line":98}},"s":{"0":23,"1":23,"2":23,"3":1730,"4":3469,"5":1730,"6":3469,"7":1730,"8":3469,"9":1730,"10":3469,"11":1730,"12":3469,"13":1730,"14":3469,"15":1730,"16":1730,"17":18,"18":10,"19":8,"20":4,"21":4,"22":4,"23":4,"24":4,"25":1730,"26":10,"27":1730,"28":10,"29":9552,"30":6,"31":8,"32":864,"33":5184,"34":4,"35":23},"f":{"0":1730,"1":3469,"2":3469,"3":3469,"4":3469,"5":3469,"6":3469,"7":18,"8":10,"9":10,"10":9552,"11":6,"12":8,"13":864,"14":5184,"15":4},"b":{"0":[10,8],"1":[4,4],"2":[1586,144],"3":[1500,86],"4":[144,1586],"5":[116,28],"6":[5160,24]},"_coverageSchema":"1a1c01bbd47fc00a2c39e90264f33305004495a9","hash":"941302f97ee35aa25763c6e33070ff71a1ec96c2"}
,"/Users/bobbygagnon/DevProjects/nfl-stat-visualizer/src/components/inputs/AddPlayerInput.jsx": {"path":"/Users/bobbygagnon/DevProjects/nfl-stat-visualizer/src/components/inputs/AddPlayerInput.jsx","statementMap":{"0":{"start":{"line":6,"column":18},"end":{"line":21,"column":3}},"1":{"start":{"line":6,"column":36},"end":{"line":21,"column":1}},"2":{"start":{"line":24,"column":22},"end":{"line":24,"column":68}},"3":{"start":{"line":24,"column":43},"end":{"line":24,"column":67}},"4":{"start":{"line":25,"column":24},"end":{"line":25,"column":77}},"5":{"start":{"line":25,"column":45},"end":{"line":25,"column":76}},"6":{"start":{"line":26,"column":19},"end":{"line":26,"column":32}},"7":{"start":{"line":27,"column":18},"end":{"line":27,"column":29}},"8":{"start":{"line":29,"column":28},"end":{"line":33,"column":3}},"9":{"start":{"line":30,"column":4},"end":{"line":30,"column":72}},"10":{"start":{"line":30,"column":65},"end":{"line":30,"column":72}},"11":{"start":{"line":32,"column":4},"end":{"line":32,"column":45}},"12":{"start":{"line":35,"column":23},"end":{"line":39,"column":3}},"13":{"start":{"line":36,"column":4},"end":{"line":38,"column":5}},"14":{"start":{"line":37,"column":6},"end":{"line":37,"column":38}},"15":{"start":{"line":41,"column":2},"end":{"line":61,"column":3}},"16":{"start":{"line":50,"column":25},"end":{"line":50,"column":45}}},"fnMap":{"0":{"name":"(anonymous_0)","decl":{"start":{"line":6,"column":29},"end":{"line":6,"column":30}},"loc":{"start":{"line":6,"column":36},"end":{"line":21,"column":1}},"line":6},"1":{"name":"AddPlayerInput","decl":{"start":{"line":23,"column":24},"end":{"line":23,"column":38}},"loc":{"start":{"line":23,"column":41},"end":{"line":62,"column":1}},"line":23},"2":{"name":"(anonymous_2)","decl":{"start":{"line":24,"column":34},"end":{"line":24,"column":35}},"loc":{"start":{"line":24,"column":43},"end":{"line":24,"column":67}},"line":24},"3":{"name":"(anonymous_3)","decl":{"start":{"line":25,"column":36},"end":{"line":25,"column":37}},"loc":{"start":{"line":25,"column":45},"end":{"line":25,"column":76}},"line":25},"4":{"name":"(anonymous_4)","decl":{"start":{"line":29,"column":28},"end":{"line":29,"column":29}},"loc":{"start":{"line":29,"column":35},"end":{"line":33,"column":3}},"line":29},"5":{"name":"(anonymous_5)","decl":{"start":{"line":35,"column":23},"end":{"line":35,"column":24}},"loc":{"start":{"line":35,"column":29},"end":{"line":39,"column":3}},"line":35},"6":{"name":"(anonymous_6)","decl":{"start":{"line":50,"column":18},"end":{"line":50,"column":19}},"loc":{"start":{"line":50,"column":25},"end":{"line":50,"column":45}},"line":50}},"branchMap":{"0":{"loc":{"start":{"line":30,"column":4},"end":{"line":30,"column":72}},"type":"if","locations":[{"start":{"line":30,"column":4},"end":{"line":30,"column":72}},{"start":{"line":30,"column":4},"end":{"line":30,"column":72}}],"line":30},"1":{"loc":{"start":{"line":30,"column":8},"end":{"line":30,"column":63}},"type":"binary-expr","locations":[{"start":{"line":30,"column":8},"end":{"line":30,"column":30}},{"start":{"line":30,"column":34},"end":{"line":30,"column":63}}],"line":30},"2":{"loc":{"start":{"line":36,"column":4},"end":{"line":38,"column":5}},"type":"if","locations":[{"start":{"line":36,"column":4},"end":{"line":38,"column":5}},{"start":{"line":36,"column":4},"end":{"line":38,"column":5}}],"line":36},"3":{"loc":{"start":{"line":57,"column":10},"end":{"line":57,"column":88}},"type":"cond-expr","locations":[{"start":{"line":57,"column":26},"end":{"line":57,"column":81}},{"start":{"line":57,"column":84},"end":{"line":57,"column":88}}],"line":57}},"s":{"0":23,"1":23,"2":238,"3":1971,"4":238,"5":1971,"6":238,"7":238,"8":238,"9":75,"10":0,"11":75,"12":238,"13":7,"14":7,"15":238,"16":75},"f":{"0":23,"1":238,"2":1971,"3":1971,"4":75,"5":7,"6":75},"b":{"0":[0,75],"1":[75,75],"2":[7,0],"3":[18,220]},"_coverageSchema":"1a1c01bbd47fc00a2c39e90264f33305004495a9","hash":"99b161d13dfaa3a22776e8eb50e49426ba87affb"}
,"/Users/bobbygagnon/DevProjects/nfl-stat-visualizer/src/components/layout/ErrorDialog.jsx": {"path":"/Users/bobbygagnon/DevProjects/nfl-stat-visualizer/src/components/layout/ErrorDialog.jsx","statementMap":{"0":{"start":{"line":6,"column":18},"end":{"line":8,"column":3}},"1":{"start":{"line":6,"column":36},"end":{"line":8,"column":1}},"2":{"start":{"line":11,"column":18},"end":{"line":11,"column":29}},"3":{"start":{"line":12,"column":36},"end":{"line":12,"column":81}},"4":{"start":{"line":12,"column":57},"end":{"line":12,"column":80}},"5":{"start":{"line":13,"column":19},"end":{"line":13,"column":32}},"6":{"start":{"line":15,"column":22},"end":{"line":21,"column":3}},"7":{"start":{"line":16,"column":4},"end":{"line":20,"column":7}},"8":{"start":{"line":23,"column":2},"end":{"line":37,"column":3}}},"fnMap":{"0":{"name":"(anonymous_0)","decl":{"start":{"line":6,"column":29},"end":{"line":6,"column":30}},"loc":{"start":{"line":6,"column":36},"end":{"line":8,"column":1}},"line":6},"1":{"name":"ErrorDialog","decl":{"start":{"line":10,"column":24},"end":{"line":10,"column":35}},"loc":{"start":{"line":10,"column":38},"end":{"line":38,"column":1}},"line":10},"2":{"name":"(anonymous_2)","decl":{"start":{"line":12,"column":48},"end":{"line":12,"column":49}},"loc":{"start":{"line":12,"column":57},"end":{"line":12,"column":80}},"line":12},"3":{"name":"(anonymous_3)","decl":{"start":{"line":15,"column":22},"end":{"line":15,"column":23}},"loc":{"start":{"line":15,"column":28},"end":{"line":21,"column":3}},"line":15}},"branchMap":{},"s":{"0":23,"1":23,"2":54,"3":54,"4":1787,"5":54,"6":54,"7":0,"8":54},"f":{"0":23,"1":54,"2":1787,"3":0},"b":{},"_coverageSchema":"1a1c01bbd47fc00a2c39e90264f33305004495a9","hash":"f710bdbbcb5b7dc9d488c364e91010049d95e6ab"}
,"/Users/bobbygagnon/DevProjects/nfl-stat-visualizer/src/components/layout/Header.jsx": {"path":"/Users/bobbygagnon/DevProjects/nfl-stat-visualizer/src/components/layout/Header.jsx","statementMap":{"0":{"start":{"line":10,"column":18},"end":{"line":18,"column":3}},"1":{"start":{"line":10,"column":36},"end":{"line":18,"column":1}},"2":{"start":{"line":20,"column":24},"end":{"line":26,"column":3}},"3":{"start":{"line":20,"column":42},"end":{"line":26,"column":1}},"4":{"start":{"line":29,"column":18},"end":{"line":29,"column":29}},"5":{"start":{"line":30,"column":24},"end":{"line":30,"column":41}},"6":{"start":{"line":32,"column":2},"end":{"line":43,"column":4}}},"fnMap":{"0":{"name":"(anonymous_0)","decl":{"start":{"line":10,"column":29},"end":{"line":10,"column":30}},"loc":{"start":{"line":10,"column":36},"end":{"line":18,"column":1}},"line":10},"1":{"name":"(anonymous_1)","decl":{"start":{"line":20,"column":35},"end":{"line":20,"column":36}},"loc":{"start":{"line":20,"column":42},"end":{"line":26,"column":1}},"line":20},"2":{"name":"Header","decl":{"start":{"line":28,"column":24},"end":{"line":28,"column":30}},"loc":{"start":{"line":28,"column":33},"end":{"line":44,"column":1}},"line":28}},"branchMap":{},"s":{"0":23,"1":23,"2":23,"3":23,"4":46,"5":46,"6":46},"f":{"0":23,"1":23,"2":46},"b":{},"_coverageSchema":"1a1c01bbd47fc00a2c39e90264f33305004495a9","hash":"36c301770cd4e890705044eda07722f7e537089f"}
,"/Users/bobbygagnon/DevProjects/nfl-stat-visualizer/src/components/layout/LeftDrawer.jsx": {"path":"/Users/bobbygagnon/DevProjects/nfl-stat-visualizer/src/components/layout/LeftDrawer.jsx","statementMap":{"0":{"start":{"line":12,"column":18},"end":{"line":32,"column":3}},"1":{"start":{"line":12,"column":36},"end":{"line":32,"column":1}},"2":{"start":{"line":34,"column":26},"end":{"line":40,"column":3}},"3":{"start":{"line":34,"column":44},"end":{"line":40,"column":1}},"4":{"start":{"line":43,"column":18},"end":{"line":43,"column":29}},"5":{"start":{"line":44,"column":26},"end":{"line":44,"column":45}},"6":{"start":{"line":45,"column":19},"end":{"line":45,"column":60}},"7":{"start":{"line":45,"column":40},"end":{"line":45,"column":59}},"8":{"start":{"line":46,"column":19},"end":{"line":46,"column":32}},"9":{"start":{"line":48,"column":20},"end":{"line":59,"column":3}},"10":{"start":{"line":65,"column":25},"end":{"line":69,"column":3}},"11":{"start":{"line":66,"column":4},"end":{"line":68,"column":5}},"12":{"start":{"line":67,"column":6},"end":{"line":67,"column":33}},"13":{"start":{"line":71,"column":2},"end":{"line":98,"column":3}},"14":{"start":{"line":82,"column":12},"end":{"line":91,"column":23}},"15":{"start":{"line":87,"column":29},"end":{"line":87,"column":55}}},"fnMap":{"0":{"name":"(anonymous_0)","decl":{"start":{"line":12,"column":29},"end":{"line":12,"column":30}},"loc":{"start":{"line":12,"column":36},"end":{"line":32,"column":1}},"line":12},"1":{"name":"(anonymous_1)","decl":{"start":{"line":34,"column":37},"end":{"line":34,"column":38}},"loc":{"start":{"line":34,"column":44},"end":{"line":40,"column":1}},"line":34},"2":{"name":"LeftDrawer","decl":{"start":{"line":42,"column":24},"end":{"line":42,"column":34}},"loc":{"start":{"line":42,"column":37},"end":{"line":99,"column":1}},"line":42},"3":{"name":"(anonymous_3)","decl":{"start":{"line":45,"column":31},"end":{"line":45,"column":32}},"loc":{"start":{"line":45,"column":40},"end":{"line":45,"column":59}},"line":45},"4":{"name":"(anonymous_4)","decl":{"start":{"line":65,"column":25},"end":{"line":65,"column":26}},"loc":{"start":{"line":65,"column":35},"end":{"line":69,"column":3}},"line":65},"5":{"name":"(anonymous_5)","decl":{"start":{"line":81,"column":25},"end":{"line":81,"column":26}},"loc":{"start":{"line":82,"column":12},"end":{"line":91,"column":23}},"line":82},"6":{"name":"(anonymous_6)","decl":{"start":{"line":87,"column":23},"end":{"line":87,"column":24}},"loc":{"start":{"line":87,"column":29},"end":{"line":87,"column":55}},"line":87}},"branchMap":{"0":{"loc":{"start":{"line":66,"column":4},"end":{"line":68,"column":5}},"type":"if","locations":[{"start":{"line":66,"column":4},"end":{"line":68,"column":5}},{"start":{"line":66,"column":4},"end":{"line":68,"column":5}}],"line":66}},"s":{"0":23,"1":23,"2":23,"3":23,"4":58,"5":58,"6":58,"7":1791,"8":58,"9":58,"10":58,"11":6,"12":6,"13":58,"14":116,"15":6},"f":{"0":23,"1":23,"2":58,"3":1791,"4":6,"5":116,"6":6},"b":{"0":[6,0]},"_coverageSchema":"1a1c01bbd47fc00a2c39e90264f33305004495a9","hash":"e68a71c63d7ef523eeb4326097a1f4431f07e719"}
,"/Users/bobbygagnon/DevProjects/nfl-stat-visualizer/src/components/layout/LoadingBackdrop.jsx": {"path":"/Users/bobbygagnon/DevProjects/nfl-stat-visualizer/src/components/layout/LoadingBackdrop.jsx","statementMap":{"0":{"start":{"line":6,"column":18},"end":{"line":11,"column":3}},"1":{"start":{"line":6,"column":36},"end":{"line":11,"column":1}},"2":{"start":{"line":15,"column":18},"end":{"line":15,"column":29}},"3":{"start":{"line":16,"column":18},"end":{"line":16,"column":63}},"4":{"start":{"line":16,"column":39},"end":{"line":16,"column":62}},"5":{"start":{"line":17,"column":2},"end":{"line":21,"column":3}}},"fnMap":{"0":{"name":"(anonymous_0)","decl":{"start":{"line":6,"column":29},"end":{"line":6,"column":30}},"loc":{"start":{"line":6,"column":36},"end":{"line":11,"column":1}},"line":6},"1":{"name":"LoadingBackdrop","decl":{"start":{"line":14,"column":24},"end":{"line":14,"column":39}},"loc":{"start":{"line":14,"column":42},"end":{"line":22,"column":1}},"line":14},"2":{"name":"(anonymous_2)","decl":{"start":{"line":16,"column":30},"end":{"line":16,"column":31}},"loc":{"start":{"line":16,"column":39},"end":{"line":16,"column":62}},"line":16}},"branchMap":{},"s":{"0":23,"1":23,"2":111,"3":88,"4":1821,"5":88},"f":{"0":23,"1":111,"2":1821},"b":{},"_coverageSchema":"1a1c01bbd47fc00a2c39e90264f33305004495a9","hash":"00424075157f0eb5adbe734b273da634591d68ad"}
,"/Users/bobbygagnon/DevProjects/nfl-stat-visualizer/src/components/layout/ViewController.jsx": {"path":"/Users/bobbygagnon/DevProjects/nfl-stat-visualizer/src/components/layout/ViewController.jsx","statementMap":{"0":{"start":{"line":6,"column":19},"end":{"line":6,"column":60}},"1":{"start":{"line":6,"column":40},"end":{"line":6,"column":59}},"2":{"start":{"line":8,"column":2},"end":{"line":13,"column":5}}},"fnMap":{"0":{"name":"ViewController","decl":{"start":{"line":5,"column":24},"end":{"line":5,"column":38}},"loc":{"start":{"line":5,"column":41},"end":{"line":14,"column":1}},"line":5},"1":{"name":"(anonymous_1)","decl":{"start":{"line":6,"column":31},"end":{"line":6,"column":32}},"loc":{"start":{"line":6,"column":40},"end":{"line":6,"column":59}},"line":6}},"branchMap":{"0":{"loc":{"start":{"line":10,"column":7},"end":{"line":10,"column":80}},"type":"cond-expr","locations":[{"start":{"line":10,"column":42},"end":{"line":10,"column":73}},{"start":{"line":10,"column":76},"end":{"line":10,"column":80}}],"line":10},"1":{"loc":{"start":{"line":11,"column":7},"end":{"line":11,"column":78}},"type":"cond-expr","locations":[{"start":{"line":11,"column":41},"end":{"line":11,"column":71}},{"start":{"line":11,"column":74},"end":{"line":11,"column":78}}],"line":11}},"s":{"0":58,"1":1791,"2":58},"f":{"0":58,"1":1791},"b":{"0":[46,12],"1":[12,46]},"_coverageSchema":"1a1c01bbd47fc00a2c39e90264f33305004495a9","hash":"d9d8997371765bc2b7f40a10f0a6e0081388987d"}
,"/Users/bobbygagnon/DevProjects/nfl-stat-visualizer/src/redux/actions/chartDataActions.js": {"path":"/Users/bobbygagnon/DevProjects/nfl-stat-visualizer/src/redux/actions/chartDataActions.js","statementMap":{"0":{"start":{"line":8,"column":28},"end":{"line":14,"column":1}},"1":{"start":{"line":10,"column":4},"end":{"line":13,"column":5}},"2":{"start":{"line":20,"column":32},"end":{"line":26,"column":1}},"3":{"start":{"line":21,"column":24},"end":{"line":21,"column":41}},"4":{"start":{"line":22,"column":2},"end":{"line":25,"column":3}},"5":{"start":{"line":32,"column":35},"end":{"line":35,"column":2}},"6":{"start":{"line":32,"column":46},"end":{"line":35,"column":1}},"7":{"start":{"line":41,"column":32},"end":{"line":44,"column":2}},"8":{"start":{"line":41,"column":46},"end":{"line":44,"column":1}},"9":{"start":{"line":50,"column":35},"end":{"line":53,"column":2}},"10":{"start":{"line":50,"column":49},"end":{"line":53,"column":1}},"11":{"start":{"line":59,"column":33},"end":{"line":62,"column":2}},"12":{"start":{"line":59,"column":47},"end":{"line":62,"column":1}},"13":{"start":{"line":68,"column":29},"end":{"line":71,"column":2}},"14":{"start":{"line":68,"column":40},"end":{"line":71,"column":1}},"15":{"start":{"line":77,"column":26},"end":{"line":80,"column":2}},"16":{"start":{"line":77,"column":40},"end":{"line":80,"column":1}}},"fnMap":{"0":{"name":"(anonymous_0)","decl":{"start":{"line":8,"column":28},"end":{"line":8,"column":29}},"loc":{"start":{"line":8,"column":38},"end":{"line":14,"column":1}},"line":8},"1":{"name":"(anonymous_1)","decl":{"start":{"line":20,"column":32},"end":{"line":20,"column":33}},"loc":{"start":{"line":20,"column":42},"end":{"line":26,"column":1}},"line":20},"2":{"name":"(anonymous_2)","decl":{"start":{"line":32,"column":35},"end":{"line":32,"column":36}},"loc":{"start":{"line":32,"column":46},"end":{"line":35,"column":1}},"line":32},"3":{"name":"(anonymous_3)","decl":{"start":{"line":41,"column":32},"end":{"line":41,"column":33}},"loc":{"start":{"line":41,"column":46},"end":{"line":44,"column":1}},"line":41},"4":{"name":"(anonymous_4)","decl":{"start":{"line":50,"column":35},"end":{"line":50,"column":36}},"loc":{"start":{"line":50,"column":49},"end":{"line":53,"column":1}},"line":50},"5":{"name":"(anonymous_5)","decl":{"start":{"line":59,"column":33},"end":{"line":59,"column":34}},"loc":{"start":{"line":59,"column":47},"end":{"line":62,"column":1}},"line":59},"6":{"name":"(anonymous_6)","decl":{"start":{"line":68,"column":29},"end":{"line":68,"column":30}},"loc":{"start":{"line":68,"column":40},"end":{"line":71,"column":1}},"line":68},"7":{"name":"(anonymous_7)","decl":{"start":{"line":77,"column":26},"end":{"line":77,"column":27}},"loc":{"start":{"line":77,"column":40},"end":{"line":80,"column":1}},"line":77}},"branchMap":{},"s":{"0":23,"1":770,"2":23,"3":770,"4":770,"5":23,"6":21,"7":23,"8":4,"9":23,"10":4,"11":23,"12":12,"13":23,"14":46,"15":23,"16":2},"f":{"0":770,"1":770,"2":21,"3":4,"4":4,"5":12,"6":46,"7":2},"b":{},"_coverageSchema":"1a1c01bbd47fc00a2c39e90264f33305004495a9","hash":"bb7112f6529d3fba52fd8b7794ffdd45b5e4ba90"}
,"/Users/bobbygagnon/DevProjects/nfl-stat-visualizer/src/redux/actions/index.js": {"path":"/Users/bobbygagnon/DevProjects/nfl-stat-visualizer/src/redux/actions/index.js","statementMap":{},"fnMap":{},"branchMap":{},"s":{},"f":{},"b":{},"_coverageSchema":"1a1c01bbd47fc00a2c39e90264f33305004495a9","hash":"574ff95e217841714f1a5a38d3255709a4518c3a"}
,"/Users/bobbygagnon/DevProjects/nfl-stat-visualizer/src/redux/actions/inputActions.js": {"path":"/Users/bobbygagnon/DevProjects/nfl-stat-visualizer/src/redux/actions/inputActions.js","statementMap":{"0":{"start":{"line":7,"column":30},"end":{"line":10,"column":2}},"1":{"start":{"line":7,"column":41},"end":{"line":10,"column":1}},"2":{"start":{"line":16,"column":32},"end":{"line":19,"column":2}},"3":{"start":{"line":16,"column":43},"end":{"line":19,"column":1}},"4":{"start":{"line":28,"column":29},"end":{"line":31,"column":2}},"5":{"start":{"line":28,"column":39},"end":{"line":31,"column":1}}},"fnMap":{"0":{"name":"(anonymous_0)","decl":{"start":{"line":7,"column":30},"end":{"line":7,"column":31}},"loc":{"start":{"line":7,"column":41},"end":{"line":10,"column":1}},"line":7},"1":{"name":"(anonymous_1)","decl":{"start":{"line":16,"column":32},"end":{"line":16,"column":33}},"loc":{"start":{"line":16,"column":43},"end":{"line":19,"column":1}},"line":16},"2":{"name":"(anonymous_2)","decl":{"start":{"line":28,"column":29},"end":{"line":28,"column":30}},"loc":{"start":{"line":28,"column":39},"end":{"line":31,"column":1}},"line":28}},"branchMap":{},"s":{"0":23,"1":81,"2":23,"3":13,"4":23,"5":4},"f":{"0":81,"1":13,"2":4},"b":{},"_coverageSchema":"1a1c01bbd47fc00a2c39e90264f33305004495a9","hash":"16f6a801cc3364c1dbf259719159b244d8c7afe8"}
,"/Users/bobbygagnon/DevProjects/nfl-stat-visualizer/src/redux/actions/viewActions.js": {"path":"/Users/bobbygagnon/DevProjects/nfl-stat-visualizer/src/redux/actions/viewActions.js","statementMap":{"0":{"start":{"line":7,"column":27},"end":{"line":10,"column":2}},"1":{"start":{"line":7,"column":38},"end":{"line":10,"column":1}}},"fnMap":{"0":{"name":"(anonymous_0)","decl":{"start":{"line":7,"column":27},"end":{"line":7,"column":28}},"loc":{"start":{"line":7,"column":38},"end":{"line":10,"column":1}},"line":7}},"branchMap":{},"s":{"0":23,"1":6},"f":{"0":6},"b":{},"_coverageSchema":"1a1c01bbd47fc00a2c39e90264f33305004495a9","hash":"08a6e6b05581ef2a1161036b20ef57a9341e3e38"}
,"/Users/bobbygagnon/DevProjects/nfl-stat-visualizer/src/redux/init/configureStore.js": {"path":"/Users/bobbygagnon/DevProjects/nfl-stat-visualizer/src/redux/init/configureStore.js","statementMap":{"0":{"start":{"line":8,"column":23},"end":{"line":8,"column":45}},"1":{"start":{"line":10,"column":20},"end":{"line":10,"column":53}},"2":{"start":{"line":12,"column":25},"end":{"line":12,"column":79}},"3":{"start":{"line":14,"column":14},"end":{"line":16,"column":4}},"4":{"start":{"line":18,"column":0},"end":{"line":18,"column":25}}},"fnMap":{},"branchMap":{"0":{"loc":{"start":{"line":12,"column":25},"end":{"line":12,"column":79}},"type":"binary-expr","locations":[{"start":{"line":12,"column":25},"end":{"line":12,"column":68}},{"start":{"line":12,"column":72},"end":{"line":12,"column":79}}],"line":12}},"s":{"0":23,"1":23,"2":23,"3":23,"4":23},"f":{},"b":{"0":[23,23]},"_coverageSchema":"1a1c01bbd47fc00a2c39e90264f33305004495a9","hash":"c9f78e58707182b00fad707b6d4c5c8b6bc8e675"}
,"/Users/bobbygagnon/DevProjects/nfl-stat-visualizer/src/redux/init/initSagas.js": {"path":"/Users/bobbygagnon/DevProjects/nfl-stat-visualizer/src/redux/init/initSagas.js","statementMap":{"0":{"start":{"line":7,"column":18},"end":{"line":9,"column":1}},"1":{"start":{"line":8,"column":4},"end":{"line":8,"column":74}}},"fnMap":{"0":{"name":"(anonymous_0)","decl":{"start":{"line":7,"column":18},"end":{"line":7,"column":19}},"loc":{"start":{"line":7,"column":38},"end":{"line":9,"column":1}},"line":7}},"branchMap":{},"s":{"0":23,"1":23},"f":{"0":23},"b":{},"_coverageSchema":"1a1c01bbd47fc00a2c39e90264f33305004495a9","hash":"3df899684c84568e38b833850d13329ca8e31634"}
,"/Users/bobbygagnon/DevProjects/nfl-stat-visualizer/src/redux/reducers/chartDataReducer.js": {"path":"/Users/bobbygagnon/DevProjects/nfl-stat-visualizer/src/redux/reducers/chartDataReducer.js","statementMap":{"0":{"start":{"line":13,"column":21},"end":{"line":21,"column":1}},"1":{"start":{"line":29,"column":2},"end":{"line":51,"column":3}},"2":{"start":{"line":31,"column":6},"end":{"line":31,"column":61}},"3":{"start":{"line":33,"column":6},"end":{"line":36,"column":8}},"4":{"start":{"line":38,"column":6},"end":{"line":38,"column":49}},"5":{"start":{"line":40,"column":6},"end":{"line":40,"column":54}},"6":{"start":{"line":42,"column":6},"end":{"line":42,"column":54}},"7":{"start":{"line":44,"column":6},"end":{"line":44,"column":61}},"8":{"start":{"line":46,"column":6},"end":{"line":46,"column":57}},"9":{"start":{"line":48,"column":6},"end":{"line":48,"column":53}},"10":{"start":{"line":50,"column":6},"end":{"line":50,"column":19}}},"fnMap":{"0":{"name":"chartDataReducer","decl":{"start":{"line":28,"column":24},"end":{"line":28,"column":40}},"loc":{"start":{"line":28,"column":71},"end":{"line":52,"column":1}},"line":28}},"branchMap":{"0":{"loc":{"start":{"line":28,"column":41},"end":{"line":28,"column":61}},"type":"default-arg","locations":[{"start":{"line":28,"column":49},"end":{"line":28,"column":61}}],"line":28},"1":{"loc":{"start":{"line":29,"column":2},"end":{"line":51,"column":3}},"type":"switch","locations":[{"start":{"line":30,"column":4},"end":{"line":31,"column":61}},{"start":{"line":32,"column":4},"end":{"line":36,"column":8}},{"start":{"line":37,"column":4},"end":{"line":38,"column":49}},{"start":{"line":39,"column":4},"end":{"line":40,"column":54}},{"start":{"line":41,"column":4},"end":{"line":42,"column":54}},{"start":{"line":43,"column":4},"end":{"line":44,"column":61}},{"start":{"line":45,"column":4},"end":{"line":46,"column":57}},{"start":{"line":47,"column":4},"end":{"line":48,"column":53}},{"start":{"line":49,"column":4},"end":{"line":50,"column":19}}],"line":29}},"s":{"0":23,"1":1802,"2":770,"3":770,"4":21,"5":4,"6":4,"7":12,"8":46,"9":2,"10":173},"f":{"0":1802},"b":{"0":[69],"1":[770,770,21,4,4,12,46,2,173]},"_coverageSchema":"1a1c01bbd47fc00a2c39e90264f33305004495a9","hash":"95ad02660038edac332f78863e42a7bc3c4cc788"}
,"/Users/bobbygagnon/DevProjects/nfl-stat-visualizer/src/redux/reducers/index.js": {"path":"/Users/bobbygagnon/DevProjects/nfl-stat-visualizer/src/redux/reducers/index.js","statementMap":{"0":{"start":{"line":6,"column":20},"end":{"line":10,"column":2}}},"fnMap":{},"branchMap":{},"s":{"0":23},"f":{},"b":{},"_coverageSchema":"1a1c01bbd47fc00a2c39e90264f33305004495a9","hash":"1ece9145f41b46324d19a299db8e10dc2bff2572"}
,"/Users/bobbygagnon/DevProjects/nfl-stat-visualizer/src/redux/reducers/inputReducer.js": {"path":"/Users/bobbygagnon/DevProjects/nfl-stat-visualizer/src/redux/reducers/inputReducer.js","statementMap":{"0":{"start":{"line":3,"column":21},"end":{"line":11,"column":1}},"1":{"start":{"line":19,"column":2},"end":{"line":28,"column":3}},"2":{"start":{"line":21,"column":6},"end":{"line":21,"column":53}},"3":{"start":{"line":23,"column":6},"end":{"line":23,"column":60}},"4":{"start":{"line":25,"column":6},"end":{"line":25,"column":58}},"5":{"start":{"line":27,"column":6},"end":{"line":27,"column":19}}},"fnMap":{"0":{"name":"viewReducer","decl":{"start":{"line":18,"column":24},"end":{"line":18,"column":35}},"loc":{"start":{"line":18,"column":66},"end":{"line":29,"column":1}},"line":18}},"branchMap":{"0":{"loc":{"start":{"line":18,"column":36},"end":{"line":18,"column":56}},"type":"default-arg","locations":[{"start":{"line":18,"column":44},"end":{"line":18,"column":56}}],"line":18},"1":{"loc":{"start":{"line":19,"column":2},"end":{"line":28,"column":3}},"type":"switch","locations":[{"start":{"line":20,"column":4},"end":{"line":21,"column":53}},{"start":{"line":22,"column":4},"end":{"line":23,"column":60}},{"start":{"line":24,"column":4},"end":{"line":25,"column":58}},{"start":{"line":26,"column":4},"end":{"line":27,"column":19}}],"line":19}},"s":{"0":23,"1":1802,"2":81,"3":13,"4":4,"5":1704},"f":{"0":1802},"b":{"0":[69],"1":[81,13,4,1704]},"_coverageSchema":"1a1c01bbd47fc00a2c39e90264f33305004495a9","hash":"68af42709a58880a92f8444a3a4f176ff04c5b17"}
,"/Users/bobbygagnon/DevProjects/nfl-stat-visualizer/src/redux/reducers/viewReducer.js": {"path":"/Users/bobbygagnon/DevProjects/nfl-stat-visualizer/src/redux/reducers/viewReducer.js","statementMap":{"0":{"start":{"line":3,"column":21},"end":{"line":5,"column":1}},"1":{"start":{"line":13,"column":2},"end":{"line":18,"column":3}},"2":{"start":{"line":15,"column":6},"end":{"line":15,"column":50}},"3":{"start":{"line":17,"column":6},"end":{"line":17,"column":19}}},"fnMap":{"0":{"name":"viewReducer","decl":{"start":{"line":12,"column":24},"end":{"line":12,"column":35}},"loc":{"start":{"line":12,"column":66},"end":{"line":19,"column":1}},"line":12}},"branchMap":{"0":{"loc":{"start":{"line":12,"column":36},"end":{"line":12,"column":56}},"type":"default-arg","locations":[{"start":{"line":12,"column":44},"end":{"line":12,"column":56}}],"line":12},"1":{"loc":{"start":{"line":13,"column":2},"end":{"line":18,"column":3}},"type":"switch","locations":[{"start":{"line":14,"column":4},"end":{"line":15,"column":50}},{"start":{"line":16,"column":4},"end":{"line":17,"column":19}}],"line":13}},"s":{"0":23,"1":1802,"2":6,"3":1796},"f":{"0":1802},"b":{"0":[69],"1":[6,1796]},"_coverageSchema":"1a1c01bbd47fc00a2c39e90264f33305004495a9","hash":"a113bebfc0bbea9acb80e81adbe56ce1d642d448"}
,"/Users/bobbygagnon/DevProjects/nfl-stat-visualizer/src/redux/sagas/chartDataSaga.js": {"path":"/Users/bobbygagnon/DevProjects/nfl-stat-visualizer/src/redux/sagas/chartDataSaga.js","statementMap":{"0":{"start":{"line":11,"column":2},"end":{"line":31,"column":3}},"1":{"start":{"line":12,"column":21},"end":{"line":12,"column":75}},"2":{"start":{"line":16,"column":4},"end":{"line":20,"column":5}},"3":{"start":{"line":17,"column":6},"end":{"line":17,"column":72}},"4":{"start":{"line":19,"column":6},"end":{"line":19,"column":14}},"5":{"start":{"line":22,"column":22},"end":{"line":22,"column":70}},"6":{"start":{"line":22,"column":44},"end":{"line":22,"column":69}},"7":{"start":{"line":24,"column":19},"end":{"line":24,"column":35}},"8":{"start":{"line":25,"column":4},"end":{"line":25,"column":36}},"9":{"start":{"line":27,"column":4},"end":{"line":27,"column":38}},"10":{"start":{"line":28,"column":4},"end":{"line":28,"column":42}},"11":{"start":{"line":30,"column":4},"end":{"line":30,"column":18}},"12":{"start":{"line":39,"column":20},"end":{"line":39,"column":68}},"13":{"start":{"line":39,"column":42},"end":{"line":39,"column":67}},"14":{"start":{"line":41,"column":14},"end":{"line":41,"column":16}},"15":{"start":{"line":43,"column":12},"end":{"line":43,"column":34}},"16":{"start":{"line":44,"column":2},"end":{"line":49,"column":3}},"17":{"start":{"line":44,"column":15},"end":{"line":44,"column":16}},"18":{"start":{"line":45,"column":4},"end":{"line":48,"column":5}},"19":{"start":{"line":45,"column":17},"end":{"line":45,"column":18}},"20":{"start":{"line":46,"column":17},"end":{"line":46,"column":92}},"21":{"start":{"line":47,"column":6},"end":{"line":47,"column":22}},"22":{"start":{"line":50,"column":2},"end":{"line":50,"column":25}},"23":{"start":{"line":52,"column":2},"end":{"line":52,"column":39}}},"fnMap":{"0":{"name":"getSingleSeasonYards","decl":{"start":{"line":10,"column":17},"end":{"line":10,"column":37}},"loc":{"start":{"line":10,"column":54},"end":{"line":33,"column":1}},"line":10},"1":{"name":"(anonymous_1)","decl":{"start":{"line":22,"column":35},"end":{"line":22,"column":36}},"loc":{"start":{"line":22,"column":44},"end":{"line":22,"column":69}},"line":22},"2":{"name":"chartDataSaga","decl":{"start":{"line":38,"column":17},"end":{"line":38,"column":30}},"loc":{"start":{"line":38,"column":33},"end":{"line":53,"column":1}},"line":38},"3":{"name":"(anonymous_3)","decl":{"start":{"line":39,"column":33},"end":{"line":39,"column":34}},"loc":{"start":{"line":39,"column":42},"end":{"line":39,"column":67}},"line":39}},"branchMap":{"0":{"loc":{"start":{"line":16,"column":4},"end":{"line":20,"column":5}},"type":"if","locations":[{"start":{"line":16,"column":4},"end":{"line":20,"column":5}},{"start":{"line":16,"column":4},"end":{"line":20,"column":5}}],"line":16}},"s":{"0":840,"1":840,"2":770,"3":766,"4":4,"5":770,"6":770,"7":770,"8":770,"9":770,"10":770,"11":0,"12":23,"13":23,"14":23,"15":23,"16":23,"17":23,"18":138,"19":138,"20":828,"21":828,"22":23,"23":21},"f":{"0":840,"1":770,"2":23,"3":23},"b":{"0":[766,4]},"_coverageSchema":"1a1c01bbd47fc00a2c39e90264f33305004495a9","hash":"e1cde09fc1a224dd769f536e2ee3c4b84d8bbba3"}
,"/Users/bobbygagnon/DevProjects/nfl-stat-visualizer/src/redux/sagas/getNewPlayerSaga.js": {"path":"/Users/bobbygagnon/DevProjects/nfl-stat-visualizer/src/redux/sagas/getNewPlayerSaga.js","statementMap":{"0":{"start":{"line":15,"column":2},"end":{"line":35,"column":1}},"1":{"start":{"line":16,"column":4},"end":{"line":20,"column":7}},"2":{"start":{"line":21,"column":4},"end":{"line":21,"column":33}},"3":{"start":{"line":22,"column":4},"end":{"line":22,"column":38}},"4":{"start":{"line":23,"column":4},"end":{"line":23,"column":17}},"5":{"start":{"line":24,"column":9},"end":{"line":35,"column":1}},"6":{"start":{"line":25,"column":4},"end":{"line":29,"column":7}},"7":{"start":{"line":30,"column":4},"end":{"line":30,"column":33}},"8":{"start":{"line":31,"column":4},"end":{"line":31,"column":38}},"9":{"start":{"line":32,"column":4},"end":{"line":32,"column":17}},"10":{"start":{"line":34,"column":2},"end":{"line":34,"column":14}},"11":{"start":{"line":39,"column":2},"end":{"line":92,"column":3}},"12":{"start":{"line":41,"column":20},"end":{"line":41,"column":74}},"13":{"start":{"line":41,"column":42},"end":{"line":41,"column":73}},"14":{"start":{"line":42,"column":4},"end":{"line":42,"column":25}},"15":{"start":{"line":42,"column":18},"end":{"line":42,"column":25}},"16":{"start":{"line":44,"column":17},"end":{"line":44,"column":64}},"17":{"start":{"line":44,"column":39},"end":{"line":44,"column":63}},"18":{"start":{"line":46,"column":4},"end":{"line":46,"column":33}},"19":{"start":{"line":48,"column":20},"end":{"line":48,"column":66}},"20":{"start":{"line":48,"column":42},"end":{"line":48,"column":65}},"21":{"start":{"line":51,"column":4},"end":{"line":60,"column":5}},"22":{"start":{"line":51,"column":31},"end":{"line":51,"column":47}},"23":{"start":{"line":52,"column":6},"end":{"line":56,"column":9}},"24":{"start":{"line":57,"column":6},"end":{"line":57,"column":35}},"25":{"start":{"line":58,"column":6},"end":{"line":58,"column":40}},"26":{"start":{"line":59,"column":6},"end":{"line":59,"column":13}},"27":{"start":{"line":62,"column":24},"end":{"line":62,"column":55}},"28":{"start":{"line":63,"column":23},"end":{"line":63,"column":61}},"29":{"start":{"line":65,"column":4},"end":{"line":89,"column":5}},"30":{"start":{"line":66,"column":22},"end":{"line":66,"column":75}},"31":{"start":{"line":66,"column":44},"end":{"line":66,"column":74}},"32":{"start":{"line":69,"column":18},"end":{"line":69,"column":20}},"33":{"start":{"line":70,"column":6},"end":{"line":73,"column":7}},"34":{"start":{"line":70,"column":19},"end":{"line":70,"column":20}},"35":{"start":{"line":71,"column":19},"end":{"line":71,"column":75}},"36":{"start":{"line":72,"column":8},"end":{"line":72,"column":24}},"37":{"start":{"line":76,"column":6},"end":{"line":76,"column":29}},"38":{"start":{"line":77,"column":6},"end":{"line":81,"column":8}},"39":{"start":{"line":83,"column":6},"end":{"line":83,"column":43}},"40":{"start":{"line":84,"column":6},"end":{"line":84,"column":36}},"41":{"start":{"line":85,"column":6},"end":{"line":85,"column":29}},"42":{"start":{"line":87,"column":6},"end":{"line":87,"column":35}},"43":{"start":{"line":88,"column":6},"end":{"line":88,"column":40}},"44":{"start":{"line":91,"column":4},"end":{"line":91,"column":18}},"45":{"start":{"line":96,"column":2},"end":{"line":96,"column":49}}},"fnMap":{"0":{"name":"validatePlayerCount","decl":{"start":{"line":14,"column":17},"end":{"line":14,"column":36}},"loc":{"start":{"line":14,"column":50},"end":{"line":36,"column":1}},"line":14},"1":{"name":"getPlayer","decl":{"start":{"line":38,"column":17},"end":{"line":38,"column":26}},"loc":{"start":{"line":38,"column":29},"end":{"line":93,"column":1}},"line":38},"2":{"name":"(anonymous_2)","decl":{"start":{"line":41,"column":33},"end":{"line":41,"column":34}},"loc":{"start":{"line":41,"column":42},"end":{"line":41,"column":73}},"line":41},"3":{"name":"(anonymous_3)","decl":{"start":{"line":44,"column":30},"end":{"line":44,"column":31}},"loc":{"start":{"line":44,"column":39},"end":{"line":44,"column":63}},"line":44},"4":{"name":"(anonymous_4)","decl":{"start":{"line":48,"column":33},"end":{"line":48,"column":34}},"loc":{"start":{"line":48,"column":42},"end":{"line":48,"column":65}},"line":48},"5":{"name":"(anonymous_5)","decl":{"start":{"line":51,"column":23},"end":{"line":51,"column":24}},"loc":{"start":{"line":51,"column":31},"end":{"line":51,"column":47}},"line":51},"6":{"name":"(anonymous_6)","decl":{"start":{"line":66,"column":35},"end":{"line":66,"column":36}},"loc":{"start":{"line":66,"column":44},"end":{"line":66,"column":74}},"line":66},"7":{"name":"getNewPlayerSaga","decl":{"start":{"line":95,"column":17},"end":{"line":95,"column":33}},"loc":{"start":{"line":95,"column":36},"end":{"line":97,"column":1}},"line":95}},"branchMap":{"0":{"loc":{"start":{"line":15,"column":2},"end":{"line":35,"column":1}},"type":"if","locations":[{"start":{"line":15,"column":2},"end":{"line":35,"column":1}},{"start":{"line":15,"column":2},"end":{"line":35,"column":1}}],"line":15},"1":{"loc":{"start":{"line":24,"column":9},"end":{"line":35,"column":1}},"type":"if","locations":[{"start":{"line":24,"column":9},"end":{"line":35,"column":1}},{"start":{"line":24,"column":9},"end":{"line":35,"column":1}}],"line":24},"2":{"loc":{"start":{"line":42,"column":4},"end":{"line":42,"column":25}},"type":"if","locations":[{"start":{"line":42,"column":4},"end":{"line":42,"column":25}},{"start":{"line":42,"column":4},"end":{"line":42,"column":25}}],"line":42},"3":{"loc":{"start":{"line":51,"column":4},"end":{"line":60,"column":5}},"type":"if","locations":[{"start":{"line":51,"column":4},"end":{"line":60,"column":5}},{"start":{"line":51,"column":4},"end":{"line":60,"column":5}}],"line":51},"4":{"loc":{"start":{"line":65,"column":4},"end":{"line":89,"column":5}},"type":"if","locations":[{"start":{"line":65,"column":4},"end":{"line":89,"column":5}},{"start":{"line":65,"column":4},"end":{"line":89,"column":5}}],"line":65}},"s":{"0":4,"1":2,"2":2,"3":2,"4":2,"5":2,"6":0,"7":0,"8":0,"9":0,"10":2,"11":13,"12":13,"13":13,"14":13,"15":6,"16":7,"17":7,"18":7,"19":7,"20":7,"21":7,"22":42,"23":2,"24":2,"25":2,"26":2,"27":5,"28":4,"29":4,"30":2,"31":2,"32":2,"33":2,"34":2,"35":12,"36":12,"37":2,"38":2,"39":2,"40":2,"41":2,"42":2,"43":2,"44":0,"45":23},"f":{"0":4,"1":13,"2":13,"3":7,"4":7,"5":42,"6":2,"7":23},"b":{"0":[2,2],"1":[0,2],"2":[6,7],"3":[2,5],"4":[2,2]},"_coverageSchema":"1a1c01bbd47fc00a2c39e90264f33305004495a9","hash":"2604fe621d57c167da9b8eca383dfc156b2395e8"}
,"/Users/bobbygagnon/DevProjects/nfl-stat-visualizer/src/redux/sagas/index.js": {"path":"/Users/bobbygagnon/DevProjects/nfl-stat-visualizer/src/redux/sagas/index.js","statementMap":{},"fnMap":{},"branchMap":{},"s":{},"f":{},"b":{},"_coverageSchema":"1a1c01bbd47fc00a2c39e90264f33305004495a9","hash":"f1c35a9db595418085ff0ce69950666ab00c0a7e"}
,"/Users/bobbygagnon/DevProjects/nfl-stat-visualizer/src/redux/sagas/initDataSaga.js": {"path":"/Users/bobbygagnon/DevProjects/nfl-stat-visualizer/src/redux/sagas/initDataSaga.js","statementMap":{"0":{"start":{"line":10,"column":16},"end":{"line":10,"column":20}},"1":{"start":{"line":12,"column":2},"end":{"line":19,"column":19}},"2":{"start":{"line":13,"column":23},"end":{"line":13,"column":38}},"3":{"start":{"line":14,"column":26},"end":{"line":14,"column":49}},"4":{"start":{"line":16,"column":4},"end":{"line":16,"column":43}},"5":{"start":{"line":17,"column":4},"end":{"line":17,"column":21}},"6":{"start":{"line":18,"column":4},"end":{"line":18,"column":61}},"7":{"start":{"line":18,"column":36},"end":{"line":18,"column":59}}},"fnMap":{"0":{"name":"initDataSaga","decl":{"start":{"line":9,"column":17},"end":{"line":9,"column":29}},"loc":{"start":{"line":9,"column":32},"end":{"line":21,"column":1}},"line":9},"1":{"name":"(anonymous_1)","decl":{"start":{"line":18,"column":27},"end":{"line":18,"column":28}},"loc":{"start":{"line":18,"column":36},"end":{"line":18,"column":59}},"line":18}},"branchMap":{},"s":{"0":23,"1":23,"2":46,"3":46,"4":46,"5":46,"6":44,"7":44},"f":{"0":23,"1":44},"b":{},"_coverageSchema":"1a1c01bbd47fc00a2c39e90264f33305004495a9","hash":"8bb61acd6752b51a8fe35416e3c6a839c4ccfdc4"}
,"/Users/bobbygagnon/DevProjects/nfl-stat-visualizer/src/util/actionTypes.js": {"path":"/Users/bobbygagnon/DevProjects/nfl-stat-visualizer/src/util/actionTypes.js","statementMap":{"0":{"start":{"line":5,"column":29},"end":{"line":5,"column":44}},"1":{"start":{"line":6,"column":30},"end":{"line":6,"column":46}},"2":{"start":{"line":7,"column":38},"end":{"line":7,"column":62}},"3":{"start":{"line":8,"column":34},"end":{"line":8,"column":54}},"4":{"start":{"line":9,"column":37},"end":{"line":9,"column":60}},"5":{"start":{"line":10,"column":35},"end":{"line":10,"column":56}},"6":{"start":{"line":11,"column":34},"end":{"line":11,"column":54}},"7":{"start":{"line":12,"column":31},"end":{"line":12,"column":48}},"8":{"start":{"line":13,"column":32},"end":{"line":13,"column":50}},"9":{"start":{"line":14,"column":34},"end":{"line":14,"column":54}},"10":{"start":{"line":15,"column":27},"end":{"line":15,"column":40}},"11":{"start":{"line":16,"column":31},"end":{"line":16,"column":48}}},"fnMap":{},"branchMap":{},"s":{"0":23,"1":23,"2":23,"3":23,"4":23,"5":23,"6":23,"7":23,"8":23,"9":23,"10":23,"11":23},"f":{},"b":{},"_coverageSchema":"1a1c01bbd47fc00a2c39e90264f33305004495a9","hash":"77d6edf4df38ce4432348cf6f62e69bd32c89693"}
,"/Users/bobbygagnon/DevProjects/nfl-stat-visualizer/src/util/config.js": {"path":"/Users/bobbygagnon/DevProjects/nfl-stat-visualizer/src/util/config.js","statementMap":{"0":{"start":{"line":5,"column":21},"end":{"line":12,"column":1}},"1":{"start":{"line":13,"column":27},"end":{"line":13,"column":30}},"2":{"start":{"line":14,"column":23},"end":{"line":45,"column":1}}},"fnMap":{},"branchMap":{},"s":{"0":23,"1":23,"2":23},"f":{},"b":{},"_coverageSchema":"1a1c01bbd47fc00a2c39e90264f33305004495a9","hash":"3b92fff96c92b357a57c7d98db938672746592c8"}
,"/Users/bobbygagnon/DevProjects/nfl-stat-visualizer/src/util/convertData.js": {"path":"/Users/bobbygagnon/DevProjects/nfl-stat-visualizer/src/util/convertData.js","statementMap":{"0":{"start":{"line":6,"column":12},"end":{"line":6,"column":14}},"1":{"start":{"line":8,"column":16},"end":{"line":8,"column":32}},"2":{"start":{"line":10,"column":2},"end":{"line":16,"column":4}},"3":{"start":{"line":11,"column":4},"end":{"line":11,"column":25}},"4":{"start":{"line":12,"column":18},"end":{"line":12,"column":39}},"5":{"start":{"line":13,"column":4},"end":{"line":15,"column":5}},"6":{"start":{"line":13,"column":17},"end":{"line":13,"column":18}},"7":{"start":{"line":14,"column":6},"end":{"line":14,"column":48}},"8":{"start":{"line":18,"column":2},"end":{"line":18,"column":13}}},"fnMap":{"0":{"name":"convertData","decl":{"start":{"line":5,"column":24},"end":{"line":5,"column":35}},"loc":{"start":{"line":5,"column":41},"end":{"line":19,"column":1}},"line":5},"1":{"name":"(anonymous_1)","decl":{"start":{"line":10,"column":18},"end":{"line":10,"column":19}},"loc":{"start":{"line":10,"column":30},"end":{"line":16,"column":3}},"line":10}},"branchMap":{},"s":{"0":816,"1":816,"2":816,"3":4896,"4":4896,"5":4896,"6":4896,"7":29418,"8":816},"f":{"0":816,"1":4896},"b":{},"_coverageSchema":"1a1c01bbd47fc00a2c39e90264f33305004495a9","hash":"276ae3d463c7bbdcb82c38e0a8610496d67319a8"}
,"/Users/bobbygagnon/DevProjects/nfl-stat-visualizer/src/util/randomizeData.js": {"path":"/Users/bobbygagnon/DevProjects/nfl-stat-visualizer/src/util/randomizeData.js","statementMap":{"0":{"start":{"line":4,"column":19},"end":{"line":4,"column":21}},"1":{"start":{"line":5,"column":2},"end":{"line":11,"column":3}},"2":{"start":{"line":5,"column":15},"end":{"line":5,"column":16}},"3":{"start":{"line":6,"column":4},"end":{"line":6,"column":27}},"4":{"start":{"line":8,"column":4},"end":{"line":10,"column":5}},"5":{"start":{"line":8,"column":17},"end":{"line":8,"column":18}},"6":{"start":{"line":9,"column":6},"end":{"line":9,"column":75}},"7":{"start":{"line":12,"column":0},"end":{"line":12,"column":15}}},"fnMap":{"0":{"name":"randomizeData","decl":{"start":{"line":3,"column":24},"end":{"line":3,"column":37}},"loc":{"start":{"line":3,"column":40},"end":{"line":13,"column":1}},"line":3}},"branchMap":{},"s":{"0":46,"1":46,"2":46,"3":276,"4":276,"5":276,"6":1656,"7":46},"f":{"0":46},"b":{},"_coverageSchema":"1a1c01bbd47fc00a2c39e90264f33305004495a9","hash":"c71d30a7324d82860db9397c2d96b932e3ea0e6b"}
,"/Users/bobbygagnon/DevProjects/nfl-stat-visualizer/src/util/rgbGenerator.js": {"path":"/Users/bobbygagnon/DevProjects/nfl-stat-visualizer/src/util/rgbGenerator.js","statementMap":{"0":{"start":{"line":1,"column":28},"end":{"line":7,"column":1}},"1":{"start":{"line":2,"column":10},"end":{"line":2,"column":47}},"2":{"start":{"line":3,"column":10},"end":{"line":3,"column":47}},"3":{"start":{"line":4,"column":10},"end":{"line":4,"column":47}},"4":{"start":{"line":6,"column":2},"end":{"line":6,"column":25}}},"fnMap":{"0":{"name":"(anonymous_0)","decl":{"start":{"line":1,"column":28},"end":{"line":1,"column":29}},"loc":{"start":{"line":1,"column":34},"end":{"line":7,"column":1}},"line":1}},"branchMap":{},"s":{"0":23,"1":2,"2":2,"3":2,"4":2},"f":{"0":2},"b":{},"_coverageSchema":"1a1c01bbd47fc00a2c39e90264f33305004495a9","hash":"106f96804921ff73e49bd43a4f9dece92d311de9"}
,"/Users/bobbygagnon/DevProjects/nfl-stat-visualizer/src/util/setInitialState.js": {"path":"/Users/bobbygagnon/DevProjects/nfl-stat-visualizer/src/util/setInitialState.js","statementMap":{"0":{"start":{"line":7,"column":35},"end":{"line":17,"column":1}},"1":{"start":{"line":8,"column":19},"end":{"line":8,"column":21}},"2":{"start":{"line":9,"column":2},"end":{"line":15,"column":3}},"3":{"start":{"line":9,"column":15},"end":{"line":9,"column":16}},"4":{"start":{"line":10,"column":4},"end":{"line":10,"column":27}},"5":{"start":{"line":12,"column":4},"end":{"line":14,"column":5}},"6":{"start":{"line":12,"column":17},"end":{"line":12,"column":18}},"7":{"start":{"line":13,"column":6},"end":{"line":13,"column":47}},"8":{"start":{"line":16,"column":0},"end":{"line":16,"column":15}},"9":{"start":{"line":23,"column":40},"end":{"line":29,"column":1}},"10":{"start":{"line":24,"column":29},"end":{"line":24,"column":31}},"11":{"start":{"line":25,"column":2},"end":{"line":27,"column":4}},"12":{"start":{"line":26,"column":4},"end":{"line":26,"column":41}},"13":{"start":{"line":28,"column":2},"end":{"line":28,"column":28}}},"fnMap":{"0":{"name":"(anonymous_0)","decl":{"start":{"line":7,"column":35},"end":{"line":7,"column":36}},"loc":{"start":{"line":7,"column":48},"end":{"line":17,"column":1}},"line":7},"1":{"name":"(anonymous_1)","decl":{"start":{"line":23,"column":40},"end":{"line":23,"column":41}},"loc":{"start":{"line":23,"column":53},"end":{"line":29,"column":1}},"line":23},"2":{"name":"(anonymous_2)","decl":{"start":{"line":25,"column":18},"end":{"line":25,"column":19}},"loc":{"start":{"line":25,"column":28},"end":{"line":27,"column":3}},"line":25}},"branchMap":{},"s":{"0":23,"1":23,"2":23,"3":23,"4":138,"5":138,"6":138,"7":828,"8":23,"9":23,"10":23,"11":23,"12":138,"13":23},"f":{"0":23,"1":23,"2":138},"b":{},"_coverageSchema":"1a1c01bbd47fc00a2c39e90264f33305004495a9","hash":"8b0a0de77ca5c6c8e554866d5ad1e4c878568af5"}
}
