TN:
SF:src/App.jsx
FN:11,(anonymous_0)
FN:24,App
FNF:2
FNH:2
FNDA:23,(anonymous_0)
FNDA:69,App
DA:11,23
DA:25,69
DA:26,46
LF:3
LH:3
BRF:0
BRH:0
end_of_record
TN:
SF:src/index.jsx
FNF:0
FNH:0
DA:9,23
LF:1
LH:1
BRF:0
BRH:0
end_of_record
TN:
SF:src/apiCalls/checkPlayer.js
FN:7,checkPlayer
FN:14,(anonymous_1)
FNF:2
FNH:2
FNDA:5,checkPlayer
FNDA:4,(anonymous_1)
DA:8,5
DA:9,5
DA:10,5
DA:12,5
DA:15,4
DA:18,0
LF:6
LH:5
BRF:0
BRH:0
end_of_record
TN:
SF:src/apiCalls/getPlayerSingleSeasonYards.js
FN:12,getPlayerSingleSeasonYards
FN:16,(anonymous_1)
FNF:2
FNH:2
FNDA:840,getPlayerSingleSeasonYards
FNDA:770,(anonymous_1)
DA:4,23
DA:5,23
DA:13,840
DA:14,840
DA:17,770
DA:20,0
LF:6
LH:5
BRF:0
BRH:0
end_of_record
TN:
SF:src/components/charts/CustomizedDot.jsx
FN:5,(anonymous_0)
FN:6,(anonymous_1)
FNF:2
FNH:2
FNDA:5712,(anonymous_0)
FNDA:10368,(anonymous_1)
DA:5,23
DA:6,10368
DA:8,5712
DA:9,24
DA:18,5688
DA:31,23
LF:6
LH:6
BRDA:8,0,0,24
BRDA:8,0,1,5688
BRF:2
BRH:2
end_of_record
TN:
SF:src/components/charts/QBSeasonalStats.jsx
FN:16,QBSeasonalStats
FN:17,(anonymous_1)
FN:18,(anonymous_2)
FN:19,(anonymous_3)
FN:20,(anonymous_4)
FN:21,(anonymous_5)
FN:22,(anonymous_6)
FN:26,(anonymous_7)
FN:40,(anonymous_8)
FN:53,(anonymous_9)
FN:55,(anonymous_10)
FN:71,(anonymous_11)
FN:86,(anonymous_12)
FN:88,(anonymous_13)
FN:95,(anonymous_14)
FN:111,(anonymous_15)
FNF:16
FNH:16
FNDA:1730,QBSeasonalStats
FNDA:3469,(anonymous_1)
FNDA:3469,(anonymous_2)
FNDA:3469,(anonymous_3)
FNDA:3469,(anonymous_4)
FNDA:3469,(anonymous_5)
FNDA:3469,(anonymous_6)
FNDA:18,(anonymous_7)
FNDA:10,(anonymous_8)
FNDA:10,(anonymous_9)
FNDA:9552,(anonymous_10)
FNDA:6,(anonymous_11)
FNDA:8,(anonymous_12)
FNDA:864,(anonymous_13)
FNDA:5184,(anonymous_14)
FNDA:4,(anonymous_15)
DA:9,23
DA:10,23
DA:11,23
DA:17,3469
DA:18,3469
DA:19,3469
DA:20,3469
DA:21,3469
DA:22,3469
DA:24,1730
DA:26,1730
DA:27,18
DA:28,8
DA:29,4
DA:30,4
DA:32,4
DA:34,4
DA:36,4
DA:40,1730
DA:41,10
DA:44,1730
DA:53,10
DA:56,9552
DA:71,6
DA:86,8
DA:89,864
DA:96,5184
DA:111,4
DA:123,23
LF:29
LH:29
BRDA:27,0,0,10
BRDA:27,0,1,8
BRDA:28,1,0,4
BRDA:28,1,1,4
BRDA:46,2,0,1586
BRDA:46,2,1,144
BRDA:51,3,0,1500
BRDA:51,3,1,86
BRDA:79,4,0,144
BRDA:79,4,1,1586
BRDA:84,5,0,116
BRDA:84,5,1,28
BRDA:98,6,0,5160
BRDA:98,6,1,24
BRF:14
BRH:14
end_of_record
TN:
SF:src/components/inputs/AddPlayerInput.jsx
FN:6,(anonymous_0)
FN:23,AddPlayerInput
FN:24,(anonymous_2)
FN:25,(anonymous_3)
FN:29,(anonymous_4)
FN:35,(anonymous_5)
FN:50,(anonymous_6)
FNF:7
FNH:7
FNDA:23,(anonymous_0)
FNDA:238,AddPlayerInput
FNDA:1971,(anonymous_2)
FNDA:1971,(anonymous_3)
FNDA:75,(anonymous_4)
FNDA:7,(anonymous_5)
FNDA:75,(anonymous_6)
DA:6,23
DA:24,1971
DA:25,1971
DA:26,238
DA:27,238
DA:29,238
DA:30,75
DA:32,75
DA:35,238
DA:36,7
DA:37,7
DA:41,238
DA:50,75
LF:13
LH:13
BRDA:30,0,0,0
BRDA:30,0,1,75
BRDA:30,1,0,75
BRDA:30,1,1,75
BRDA:36,2,0,7
BRDA:36,2,1,0
BRDA:57,3,0,18
BRDA:57,3,1,220
BRF:8
BRH:6
end_of_record
TN:
SF:src/components/layout/ErrorDialog.jsx
FN:6,(anonymous_0)
FN:10,ErrorDialog
FN:12,(anonymous_2)
FN:15,(anonymous_3)
FNF:4
FNH:3
FNDA:23,(anonymous_0)
FNDA:54,ErrorDialog
FNDA:1787,(anonymous_2)
FNDA:0,(anonymous_3)
DA:6,23
DA:11,54
DA:12,1787
DA:13,54
DA:15,54
DA:16,0
DA:23,54
LF:7
LH:6
BRF:0
BRH:0
end_of_record
TN:
SF:src/components/layout/Header.jsx
FN:10,(anonymous_0)
FN:20,(anonymous_1)
FN:28,Header
FNF:3
FNH:3
FNDA:23,(anonymous_0)
FNDA:23,(anonymous_1)
FNDA:46,Header
DA:10,23
DA:20,23
DA:29,46
DA:30,46
DA:32,46
LF:5
LH:5
BRF:0
BRH:0
end_of_record
TN:
SF:src/components/layout/LeftDrawer.jsx
FN:12,(anonymous_0)
FN:34,(anonymous_1)
FN:42,LeftDrawer
FN:45,(anonymous_3)
FN:65,(anonymous_4)
FN:81,(anonymous_5)
FN:87,(anonymous_6)
FNF:7
FNH:7
FNDA:23,(anonymous_0)
FNDA:23,(anonymous_1)
FNDA:58,LeftDrawer
FNDA:1791,(anonymous_3)
FNDA:6,(anonymous_4)
FNDA:116,(anonymous_5)
FNDA:6,(anonymous_6)
DA:12,23
DA:34,23
DA:43,58
DA:44,58
DA:45,1791
DA:46,58
DA:48,58
DA:65,58
DA:66,6
DA:67,6
DA:71,58
DA:82,116
DA:87,6
LF:13
LH:13
BRDA:66,0,0,6
BRDA:66,0,1,0
BRF:2
BRH:1
end_of_record
TN:
SF:src/components/layout/LoadingBackdrop.jsx
FN:6,(anonymous_0)
FN:14,LoadingBackdrop
FN:16,(anonymous_2)
FNF:3
FNH:3
FNDA:23,(anonymous_0)
FNDA:111,LoadingBackdrop
FNDA:1821,(anonymous_2)
DA:6,23
DA:15,111
DA:16,1821
DA:17,88
LF:4
LH:4
BRF:0
BRH:0
end_of_record
TN:
SF:src/components/layout/ViewController.jsx
FN:5,ViewController
FN:6,(anonymous_1)
FNF:2
FNH:2
FNDA:58,ViewController
FNDA:1791,(anonymous_1)
DA:6,1791
DA:8,58
LF:2
LH:2
BRDA:10,0,0,46
BRDA:10,0,1,12
BRDA:11,1,0,12
BRDA:11,1,1,46
BRF:4
BRH:4
end_of_record
TN:
SF:src/redux/actions/chartDataActions.js
FN:8,(anonymous_0)
FN:20,(anonymous_1)
FN:32,(anonymous_2)
FN:41,(anonymous_3)
FN:50,(anonymous_4)
FN:59,(anonymous_5)
FN:68,(anonymous_6)
FN:77,(anonymous_7)
FNF:8
FNH:8
FNDA:770,(anonymous_0)
FNDA:770,(anonymous_1)
FNDA:21,(anonymous_2)
FNDA:4,(anonymous_3)
FNDA:4,(anonymous_4)
FNDA:12,(anonymous_5)
FNDA:46,(anonymous_6)
FNDA:2,(anonymous_7)
DA:8,23
DA:10,770
DA:20,23
DA:21,770
DA:22,770
DA:32,23
DA:41,23
DA:50,23
DA:59,23
DA:68,46
DA:77,23
LF:11
LH:11
BRF:0
BRH:0
end_of_record
TN:
SF:src/redux/actions/index.js
FNF:0
FNH:0
LF:0
LH:0
BRF:0
BRH:0
end_of_record
TN:
SF:src/redux/actions/inputActions.js
FN:7,(anonymous_0)
FN:16,(anonymous_1)
FN:28,(anonymous_2)
FNF:3
FNH:3
FNDA:81,(anonymous_0)
FNDA:13,(anonymous_1)
FNDA:4,(anonymous_2)
DA:7,81
DA:16,23
DA:28,23
LF:3
LH:3
BRF:0
BRH:0
end_of_record
TN:
SF:src/redux/actions/viewActions.js
FN:7,(anonymous_0)
FNF:1
FNH:1
FNDA:6,(anonymous_0)
DA:7,23
LF:1
LH:1
BRF:0
BRH:0
end_of_record
TN:
SF:src/redux/init/configureStore.js
FNF:0
FNH:0
DA:8,23
DA:10,23
DA:12,23
DA:14,23
DA:18,23
LF:5
LH:5
BRDA:12,0,0,23
BRDA:12,0,1,23
BRF:2
BRH:2
end_of_record
TN:
SF:src/redux/init/initSagas.js
FN:7,(anonymous_0)
FNF:1
FNH:1
FNDA:23,(anonymous_0)
DA:7,23
DA:8,23
LF:2
LH:2
BRF:0
BRH:0
end_of_record
TN:
SF:src/redux/reducers/chartDataReducer.js
FN:28,chartDataReducer
FNF:1
FNH:1
FNDA:1802,chartDataReducer
DA:13,23
DA:29,1802
DA:31,770
DA:33,770
DA:38,21
DA:40,4
DA:42,4
DA:44,12
DA:46,46
DA:48,2
DA:50,173
LF:11
LH:11
BRDA:28,0,0,69
BRDA:29,1,0,770
BRDA:29,1,1,770
BRDA:29,1,2,21
BRDA:29,1,3,4
BRDA:29,1,4,4
BRDA:29,1,5,12
BRDA:29,1,6,46
BRDA:29,1,7,2
BRDA:29,1,8,173
BRF:10
BRH:10
end_of_record
TN:
SF:src/redux/reducers/index.js
FNF:0
FNH:0
DA:6,23
LF:1
LH:1
BRF:0
BRH:0
end_of_record
TN:
SF:src/redux/reducers/inputReducer.js
FN:18,viewReducer
FNF:1
FNH:1
FNDA:1802,viewReducer
DA:3,23
DA:19,1802
DA:21,81
DA:23,13
DA:25,4
DA:27,1704
LF:6
LH:6
BRDA:18,0,0,69
BRDA:19,1,0,81
BRDA:19,1,1,13
BRDA:19,1,2,4
BRDA:19,1,3,1704
BRF:5
BRH:5
end_of_record
TN:
SF:src/redux/reducers/viewReducer.js
FN:12,viewReducer
FNF:1
FNH:1
FNDA:1802,viewReducer
DA:3,23
DA:13,1802
DA:15,6
DA:17,1796
LF:4
LH:4
BRDA:12,0,0,69
BRDA:13,1,0,6
BRDA:13,1,1,1796
BRF:3
BRH:3
end_of_record
TN:
SF:src/redux/sagas/chartDataSaga.js
FN:10,getSingleSeasonYards
FN:22,(anonymous_1)
FN:38,chartDataSaga
FN:39,(anonymous_3)
FNF:4
FNH:4
FNDA:840,getSingleSeasonYards
FNDA:770,(anonymous_1)
FNDA:23,chartDataSaga
FNDA:23,(anonymous_3)
DA:11,840
DA:12,840
DA:16,770
DA:17,766
DA:19,4
DA:22,770
DA:24,770
DA:25,770
DA:27,770
DA:28,770
DA:30,0
DA:39,23
DA:41,23
DA:43,23
DA:44,23
DA:45,138
DA:46,828
DA:47,828
DA:50,23
DA:52,21
LF:20
LH:19
BRDA:16,0,0,766
BRDA:16,0,1,4
BRF:2
BRH:2
end_of_record
TN:
SF:src/redux/sagas/getNewPlayerSaga.js
FN:14,validatePlayerCount
FN:38,getPlayer
FN:41,(anonymous_2)
FN:44,(anonymous_3)
FN:48,(anonymous_4)
FN:51,(anonymous_5)
FN:66,(anonymous_6)
FN:95,getNewPlayerSaga
FNF:8
FNH:8
FNDA:4,validatePlayerCount
FNDA:13,getPlayer
FNDA:13,(anonymous_2)
FNDA:7,(anonymous_3)
FNDA:7,(anonymous_4)
FNDA:42,(anonymous_5)
FNDA:2,(anonymous_6)
FNDA:23,getNewPlayerSaga
DA:15,4
DA:16,2
DA:21,2
DA:22,2
DA:23,2
DA:24,2
DA:25,0
DA:30,0
DA:31,0
DA:32,0
DA:34,2
DA:39,13
DA:41,13
DA:42,13
DA:44,7
DA:46,7
DA:48,7
DA:51,42
DA:52,2
DA:57,2
DA:58,2
DA:59,2
DA:62,5
DA:63,4
DA:65,4
DA:66,2
DA:69,2
DA:70,2
DA:71,12
DA:72,12
DA:76,2
DA:77,2
DA:83,2
DA:84,2
DA:85,2
DA:87,2
DA:88,2
DA:91,0
DA:96,23
LF:39
LH:34
BRDA:15,0,0,2
BRDA:15,0,1,2
BRDA:24,1,0,0
BRDA:24,1,1,2
BRDA:42,2,0,6
BRDA:42,2,1,7
BRDA:51,3,0,2
BRDA:51,3,1,5
BRDA:65,4,0,2
BRDA:65,4,1,2
BRF:10
BRH:9
end_of_record
TN:
SF:src/redux/sagas/index.js
FNF:0
FNH:0
LF:0
LH:0
BRF:0
BRH:0
end_of_record
TN:
SF:src/redux/sagas/initDataSaga.js
FN:9,initDataSaga
FN:18,(anonymous_1)
FNF:2
FNH:2
FNDA:23,initDataSaga
FNDA:44,(anonymous_1)
DA:10,23
DA:12,23
DA:13,46
DA:14,46
DA:16,46
DA:17,46
DA:18,44
LF:7
LH:7
BRF:0
BRH:0
end_of_record
TN:
SF:src/util/actionTypes.js
FNF:0
FNH:0
DA:5,23
DA:6,23
DA:7,23
DA:8,23
DA:9,23
DA:10,23
DA:11,23
DA:12,23
DA:13,23
DA:14,23
DA:15,23
DA:16,23
LF:12
LH:12
BRF:0
BRH:0
end_of_record
TN:
SF:src/util/config.js
FNF:0
FNH:0
DA:5,23
DA:13,23
DA:14,23
LF:3
LH:3
BRF:0
BRH:0
end_of_record
TN:
SF:src/util/convertData.js
FN:5,convertData
FN:10,(anonymous_1)
FNF:2
FNH:2
FNDA:816,convertData
FNDA:4896,(anonymous_1)
DA:6,816
DA:8,816
DA:10,816
DA:11,4896
DA:12,4896
DA:13,4896
DA:14,29418
DA:18,816
LF:8
LH:8
BRF:0
BRH:0
end_of_record
TN:
SF:src/util/randomizeData.js
FN:3,randomizeData
FNF:1
FNH:1
FNDA:46,randomizeData
DA:4,46
DA:5,46
DA:6,276
DA:8,276
DA:9,1656
DA:12,46
LF:6
LH:6
BRF:0
BRH:0
end_of_record
TN:
SF:src/util/rgbGenerator.js
FN:1,(anonymous_0)
FNF:1
FNH:1
FNDA:2,(anonymous_0)
DA:1,23
DA:2,2
DA:3,2
DA:4,2
DA:6,2
LF:5
LH:5
BRF:0
BRH:0
end_of_record
TN:
SF:src/util/setInitialState.js
FN:7,(anonymous_0)
FN:23,(anonymous_1)
FN:25,(anonymous_2)
FNF:3
FNH:3
FNDA:23,(anonymous_0)
FNDA:23,(anonymous_1)
FNDA:138,(anonymous_2)
DA:7,23
DA:8,23
DA:9,23
DA:10,138
DA:12,138
DA:13,828
DA:16,23
DA:23,23
DA:24,23
DA:25,23
DA:26,138
DA:28,23
LF:12
LH:12
BRF:0
BRH:0
end_of_record
